[T 08:22:35 8724] CodeQL CLI version 2.16.1
[T 08:22:35 8724] Initializing tracer.
[T 08:22:35 8724] Initializing tags.
[T 08:22:35 8724] ID set to 0000000000002214_0000000000000001 (parent root)
[T 08:22:35 8724] Initializing tracer.
[T 08:22:35 8724] Initializing tags.
[T 08:22:35 8724] ID set to 0000000000002214_0000000000000002 (parent root)
[T 08:22:35 8724] ==== Candidate to intercept: /home/mine/Workspace/tools/codeql/codeql-cli/go/tools/autobuild.sh (canonical: /home/mine/Workspace/tools/codeql/codeql-cli/go/tools/autobuild.sh) ====
[T 08:22:35 8724] Executing the following tracer actions:
[T 08:22:35 8724] Tracer actions:
[T 08:22:35 8724] pre_invocations(0)
[T 08:22:35 8724] post_invocations(0)
[T 08:22:35 8724] trace_languages(1): [go]
[T 08:22:35 8724] Initializing tracer.
[T 08:22:35 8724] Initializing tags.
[T 08:22:35 8724] ID set to 0000000000002214_0000000000000003 (parent 0000000000002214_0000000000000002)
[T 08:22:35 8728] Initializing tracer.
[T 08:22:35 8728] Initializing tags.
[T 08:22:35 8728] ID set to 0000000000002218_0000000000000001 (parent 0000000000002214_0000000000000003)
[T 08:22:35 8728] ==== Candidate to intercept: /home/mine/Workspace/tools/codeql/codeql-cli/go/tools/linux64/go-autobuilder (canonical: /home/mine/Workspace/tools/codeql/codeql-cli/go/tools/linux64/go-autobuilder) ====
[T 08:22:35 8728] Lua: === Intercepted call to /home/mine/Workspace/tools/codeql/codeql-cli/go/tools/linux64/go-autobuilder ===
[T 08:22:35 8728] Lua: Disabling tracing for language go.
[T 08:22:35 8728] Executing the following tracer actions:
[T 08:22:35 8728] Tracer actions:
[T 08:22:35 8728] pre_invocations(0)
[T 08:22:35 8728] post_invocations(0)
[T 08:22:35 8728] trace_languages(0): []
[T 08:22:35 8728] Disabling tracing for this command.
