[2024-02-05 00:22:34] This is codeql database create codeqldb --language=go
[2024-02-05 00:22:34] Log file was started late.
[2024-02-05 00:22:34] [PROGRESS] database create> Initializing database at /home/mine/Workspace/go/src/codeql-examples/example01/codeqldb.
[2024-02-05 00:22:34] Running plumbing command: codeql database init --language=go --extractor-options-verbosity=1 --qlconfig-file=/home/mine/Workspace/go/src/codeql-examples/example01/qlconfig.yml --source-root=/home/mine/Workspace/go/src/codeql-examples/example01 --allow-missing-source-root=false --allow-already-existing -- /home/mine/Workspace/go/src/codeql-examples/example01/codeqldb
[2024-02-05 00:22:34] Calling plumbing command: codeql resolve languages --extractor-options-verbosity=1 --format=betterjson
[2024-02-05 00:22:34] [DETAILS] resolve languages> Scanning for [codeql-extractor.yml] from /home/mine/Workspace/tools/codeql/codeql-cli/
[2024-02-05 00:22:34] [DETAILS] resolve languages> Parsing /home/mine/Workspace/tools/codeql/codeql-cli/csv/codeql-extractor.yml.
[2024-02-05 00:22:35] [DETAILS] resolve languages> Parsing /home/mine/Workspace/tools/codeql/codeql-cli/ruby/codeql-extractor.yml.
[2024-02-05 00:22:35] [DETAILS] resolve languages> Parsing /home/mine/Workspace/tools/codeql/codeql-cli/java/codeql-extractor.yml.
[2024-02-05 00:22:35] [DETAILS] resolve languages> Parsing /home/mine/Workspace/tools/codeql/codeql-cli/go/codeql-extractor.yml.
[2024-02-05 00:22:35] [DETAILS] resolve languages> Parsing /home/mine/Workspace/tools/codeql/codeql-cli/properties/codeql-extractor.yml.
[2024-02-05 00:22:35] [DETAILS] resolve languages> Parsing /home/mine/Workspace/tools/codeql/codeql-cli/html/codeql-extractor.yml.
[2024-02-05 00:22:35] [DETAILS] resolve languages> Parsing /home/mine/Workspace/tools/codeql/codeql-cli/csharp/codeql-extractor.yml.
[2024-02-05 00:22:35] [DETAILS] resolve languages> Parsing /home/mine/Workspace/tools/codeql/codeql-cli/cpp/codeql-extractor.yml.
[2024-02-05 00:22:35] [DETAILS] resolve languages> Parsing /home/mine/Workspace/tools/codeql/codeql-cli/javascript/codeql-extractor.yml.
[2024-02-05 00:22:35] [DETAILS] resolve languages> Parsing /home/mine/Workspace/tools/codeql/codeql-cli/yaml/codeql-extractor.yml.
[2024-02-05 00:22:35] [DETAILS] resolve languages> Parsing /home/mine/Workspace/tools/codeql/codeql-cli/swift/codeql-extractor.yml.
[2024-02-05 00:22:35] [DETAILS] resolve languages> Parsing /home/mine/Workspace/tools/codeql/codeql-cli/xml/codeql-extractor.yml.
[2024-02-05 00:22:35] [DETAILS] resolve languages> Parsing /home/mine/Workspace/tools/codeql/codeql-cli/python/codeql-extractor.yml.
[2024-02-05 00:22:35] Plumbing command codeql resolve languages completed:
                      {
                        "aliases" : {
                          "c" : "cpp",
                          "c++" : "cpp",
                          "c-c++" : "cpp",
                          "c-cpp" : "cpp",
                          "c#" : "csharp",
                          "java-kotlin" : "java",
                          "kotlin" : "java",
                          "javascript-typescript" : "javascript",
                          "typescript" : "javascript"
                        },
                        "extractors" : {
                          "csv" : [
                            {
                              "extractor_root" : "/home/mine/Workspace/tools/codeql/codeql-cli/csv"
                            }
                          ],
                          "ruby" : [
                            {
                              "extractor_root" : "/home/mine/Workspace/tools/codeql/codeql-cli/ruby",
                              "extractor_options" : {
                                "trap" : {
                                  "title" : "Options pertaining to TRAP.",
                                  "description" : "Options pertaining to TRAP.",
                                  "type" : "object",
                                  "properties" : {
                                    "compression" : {
                                      "title" : "Controls compression for the TRAP files written by the extractor.",
                                      "description" : "This option is only intended for use in debugging the extractor. Accepted values are 'gzip' (the default, to write gzip-compressed TRAP) and 'none' (to write uncompressed TRAP).\n",
                                      "type" : "string",
                                      "pattern" : "^(none|gzip)$"
                                    }
                                  }
                                }
                              }
                            }
                          ],
                          "java" : [
                            {
                              "extractor_root" : "/home/mine/Workspace/tools/codeql/codeql-cli/java",
                              "extractor_options" : {
                                "exclude" : {
                                  "title" : "A glob excluding files from analysis.",
                                  "description" : "A glob indicating what files to exclude from the analysis.\n",
                                  "type" : "string"
                                },
                                "add_prefer_source" : {
                                  "title" : "Whether to always prefer source files over class files.",
                                  "description" : "A value indicating whether source files should be preferred over class files. If set to 'true', the extraction adds '-Xprefer:source' to the javac command line. If set to 'false', the extraction uses the default javac behavior ('-Xprefer:newer'). The default is 'true'.\n",
                                  "type" : "string",
                                  "pattern" : "^(false|true)$"
                                },
                                "buildless" : {
                                  "title" : "Whether to use buildless (standalone) extraction (experimental).",
                                  "description" : "A value indicating, which type of extraction the autobuilder should perform. If 'true', then the standalone extractor will be used, otherwise tracing extraction will be performed. The default is 'false'. Note that buildless extraction will generally yield less accurate analysis results, and should only be used in cases where it is not possible to build the code (for example if it uses inaccessible dependencies).\n",
                                  "type" : "string",
                                  "pattern" : "^(false|true)$"
                                }
                              }
                            }
                          ],
                          "go" : [
                            {
                              "extractor_root" : "/home/mine/Workspace/tools/codeql/codeql-cli/go"
                            }
                          ],
                          "properties" : [
                            {
                              "extractor_root" : "/home/mine/Workspace/tools/codeql/codeql-cli/properties"
                            }
                          ],
                          "html" : [
                            {
                              "extractor_root" : "/home/mine/Workspace/tools/codeql/codeql-cli/html"
                            }
                          ],
                          "csharp" : [
                            {
                              "extractor_root" : "/home/mine/Workspace/tools/codeql/codeql-cli/csharp",
                              "extractor_options" : {
                                "trap" : {
                                  "title" : "Options pertaining to TRAP.",
                                  "description" : "Options pertaining to TRAP.",
                                  "type" : "object",
                                  "properties" : {
                                    "compression" : {
                                      "title" : "Controls compression for the TRAP files written by the extractor.",
                                      "description" : "This option is only intended for use in debugging the extractor. Accepted values are 'brotli' (the default, to write brotli-compressed TRAP), 'gzip', and 'none' (to write uncompressed TRAP).\n",
                                      "type" : "string",
                                      "pattern" : "^(none|gzip|brotli)$"
                                    }
                                  }
                                },
                                "buildless" : {
                                  "title" : "Whether to use buildless (standalone) extraction.",
                                  "description" : "A value indicating, which type of extraction the autobuilder should perform. If 'true', then the standalone extractor will be used, otherwise tracing extraction will be performed. The default is 'false'. Note that buildless extraction will generally yield less accurate analysis results, and should only be used in cases where it is not possible to build the code (for example if it uses inaccessible dependencies).\n",
                                  "type" : "string",
                                  "pattern" : "^(false|true)$"
                                },
                                "cil" : {
                                  "title" : "Whether to enable CIL extraction.",
                                  "description" : "A value indicating, whether CIL extraction should be enabled. The default is 'true'.\n",
                                  "type" : "string",
                                  "pattern" : "^(false|true)$"
                                }
                              }
                            }
                          ],
                          "cpp" : [
                            {
                              "extractor_root" : "/home/mine/Workspace/tools/codeql/codeql-cli/cpp",
                              "extractor_options" : { }
                            }
                          ],
                          "javascript" : [
                            {
                              "extractor_root" : "/home/mine/Workspace/tools/codeql/codeql-cli/javascript",
                              "extractor_options" : {
                                "skip_types" : {
                                  "title" : "Skip type extraction for TypeScript",
                                  "description" : "Whether to skip the extraction of types in a TypeScript application",
                                  "type" : "string",
                                  "pattern" : "^(false|true)$"
                                }
                              }
                            }
                          ],
                          "yaml" : [
                            {
                              "extractor_root" : "/home/mine/Workspace/tools/codeql/codeql-cli/yaml"
                            }
                          ],
                          "swift" : [
                            {
                              "extractor_root" : "/home/mine/Workspace/tools/codeql/codeql-cli/swift"
                            }
                          ],
                          "xml" : [
                            {
                              "extractor_root" : "/home/mine/Workspace/tools/codeql/codeql-cli/xml"
                            }
                          ],
                          "python" : [
                            {
                              "extractor_root" : "/home/mine/Workspace/tools/codeql/codeql-cli/python",
                              "extractor_options" : {
                                "logging" : {
                                  "title" : "Options pertaining to logging.",
                                  "description" : "Options pertaining to logging.",
                                  "type" : "object",
                                  "properties" : {
                                    "verbosity" : {
                                      "title" : "Python extractor logging verbosity level.",
                                      "description" : "Controls the level of verbosity of the CodeQL Python extractor.\nThe supported levels are (in order of increasing verbosity):\n\n  - off\n  - errors\n  - warnings\n  - info or progress\n  - debug or progress+\n  - trace or progress++\n  - progress+++\n",
                                      "type" : "string",
                                      "pattern" : "^(off|errors|warnings|(info|progress)|(debug|progress\\+)|(trace|progress\\+\\+)|progress\\+\\+\\+)$"
                                    }
                                  }
                                }
                              }
                            }
                          ]
                        }
                      }
[2024-02-05 00:22:35] [PROGRESS] database init> Calculating baseline information in /home/mine/Workspace/go/src/codeql-examples/example01
[2024-02-05 00:22:35] [SPAMMY] database init> Ignoring the following directories when processing baseline information: .git, .hg, .svn.
[2024-02-05 00:22:35] [DETAILS] database init> Running command in /home/mine/Workspace/go/src/codeql-examples/example01: /home/mine/Workspace/tools/codeql/codeql-cli/tools/linux64/scc --by-file --exclude-dir .git,.hg,.svn --format json --no-large --no-min .
[2024-02-05 00:22:35] Using configure-baseline script /home/mine/Workspace/tools/codeql/codeql-cli/go/tools/configure-baseline.sh.
[2024-02-05 00:22:35] [PROGRESS] database init> Running command in /home/mine/Workspace/go/src/codeql-examples/example01: [/home/mine/Workspace/tools/codeql/codeql-cli/go/tools/configure-baseline.sh]
[2024-02-05 00:22:35] [SPAMMY] database init> Found 1 baseline files for go.
[2024-02-05 00:22:35] [PROGRESS] database init> Calculated baseline information for languages: go (179ms).
[2024-02-05 00:22:35] [PROGRESS] database init> Resolving extractor go.
[2024-02-05 00:22:35] [DETAILS] database init> Found candidate extractor root for go: /home/mine/Workspace/tools/codeql/codeql-cli/go.
[2024-02-05 00:22:35] [PROGRESS] database init> Successfully loaded extractor Go (go) from /home/mine/Workspace/tools/codeql/codeql-cli/go.
[2024-02-05 00:22:35] [PROGRESS] database init> Created skeleton CodeQL database at /home/mine/Workspace/go/src/codeql-examples/example01/codeqldb. This in-progress database is ready to be populated by an extractor.
[2024-02-05 00:22:35] Plumbing command codeql database init completed.
[2024-02-05 00:22:35] Using autobuild script /home/mine/Workspace/tools/codeql/codeql-cli/go/tools/autobuild.sh.
[2024-02-05 00:22:35] [DETAILS] database create> Detected autobuild command for Go: /home/mine/Workspace/tools/codeql/codeql-cli/go/tools/autobuild.sh.
[2024-02-05 00:22:35] [PROGRESS] database create> Running build command: [/home/mine/Workspace/tools/codeql/codeql-cli/go/tools/autobuild.sh]
[2024-02-05 00:22:35] Running plumbing command: codeql database trace-command --working-dir=/home/mine/Workspace/go/src/codeql-examples/example01 --index-traceless-dbs --no-db-cluster -- /home/mine/Workspace/go/src/codeql-examples/example01/codeqldb /home/mine/Workspace/tools/codeql/codeql-cli/go/tools/autobuild.sh
[2024-02-05 00:22:35] [PROGRESS] database trace-command> Running command in /home/mine/Workspace/go/src/codeql-examples/example01: [/home/mine/Workspace/tools/codeql/codeql-cli/go/tools/autobuild.sh]
[2024-02-05 00:22:36] [build-stderr] 2024/02/05 00:22:36 Autobuilder was built with go1.21.6, environment has go1.21.6
[2024-02-05 00:22:36] [build-stderr] 2024/02/05 00:22:36 LGTM_SRC is /home/mine/Workspace/go/src/codeql-examples/example01
[2024-02-05 00:22:36] [build-stderr] 2024/02/05 00:22:36 Found go.mod, enabling go modules
[2024-02-05 00:22:36] [build-stderr] 2024/02/05 00:22:36 Failed to stat go.sum after running `go mod tidy -e`
[2024-02-05 00:22:36] [build-stderr] 2024/02/05 00:22:36 Unable to determine import path, as neither LGTM_INDEX_IMPORT_PATH nor GITHUB_REPOSITORY is set
[2024-02-05 00:22:36] [build-stderr] 2024/02/05 00:22:36 Build failed, continuing to install dependencies.
[2024-02-05 00:22:36] [build-stderr] 2024/02/05 00:22:36 Installing dependencies using `go get -v ./...` in `.`.
[2024-02-05 00:22:36] [build-stderr] 2024/02/05 00:22:36 Running extractor command '/home/mine/Workspace/tools/codeql/codeql-cli/go/tools/linux64/go-extractor [./...]' from directory '.'.
[2024-02-05 00:22:36] [build-stderr] 2024/02/05 00:22:36 Build flags: ''; patterns: './...'
[2024-02-05 00:22:36] [build-stderr] 2024/02/05 00:22:36 Running packages.Load.
[2024-02-05 00:22:40] [build-stderr] 2024/02/05 00:22:40 Done running packages.Load.
[2024-02-05 00:22:40] [build-stderr] 2024/02/05 00:22:40 Extracting universe scope.
[2024-02-05 00:22:40] [build-stderr] 2024/02/05 00:22:40 Done extracting universe scope.
[2024-02-05 00:22:40] [build-stderr] 2024/02/05 00:22:40 Processing package internal/goarch.
[2024-02-05 00:22:40] [build-stderr] 2024/02/05 00:22:40 Extracting types for package internal/goarch.
[2024-02-05 00:22:40] [build-stderr] 2024/02/05 00:22:40 Done extracting types for package internal/goarch.
[2024-02-05 00:22:40] [build-stderr] 2024/02/05 00:22:40 Processing package unsafe.
[2024-02-05 00:22:41] [build-stderr] 2024/02/05 00:22:41 Extracting types for package unsafe.
[2024-02-05 00:22:41] [build-stderr] 2024/02/05 00:22:41 Done extracting types for package unsafe.
[2024-02-05 00:22:41] [build-stderr] 2024/02/05 00:22:41 Processing package internal/abi.
[2024-02-05 00:22:41] [build-stderr] 2024/02/05 00:22:41 Extracting types for package internal/abi.
[2024-02-05 00:22:41] [build-stderr] 2024/02/05 00:22:41 Done extracting types for package internal/abi.
[2024-02-05 00:22:41] [build-stderr] 2024/02/05 00:22:41 Processing package internal/unsafeheader.
[2024-02-05 00:22:41] [build-stderr] 2024/02/05 00:22:41 Extracting types for package internal/unsafeheader.
[2024-02-05 00:22:41] [build-stderr] 2024/02/05 00:22:41 Done extracting types for package internal/unsafeheader.
[2024-02-05 00:22:41] [build-stderr] 2024/02/05 00:22:41 Processing package internal/cpu.
[2024-02-05 00:22:42] [build-stderr] 2024/02/05 00:22:42 Extracting types for package internal/cpu.
[2024-02-05 00:22:42] [build-stderr] 2024/02/05 00:22:42 Done extracting types for package internal/cpu.
[2024-02-05 00:22:42] [build-stderr] 2024/02/05 00:22:42 Processing package internal/bytealg.
[2024-02-05 00:22:42] [build-stderr] 2024/02/05 00:22:42 Extracting types for package internal/bytealg.
[2024-02-05 00:22:42] [build-stderr] 2024/02/05 00:22:42 Done extracting types for package internal/bytealg.
[2024-02-05 00:22:42] [build-stderr] 2024/02/05 00:22:42 Processing package internal/coverage/rtcov.
[2024-02-05 00:22:42] [build-stderr] 2024/02/05 00:22:42 Extracting types for package internal/coverage/rtcov.
[2024-02-05 00:22:42] [build-stderr] 2024/02/05 00:22:42 Done extracting types for package internal/coverage/rtcov.
[2024-02-05 00:22:42] [build-stderr] 2024/02/05 00:22:42 Processing package internal/godebugs.
[2024-02-05 00:22:42] [build-stderr] 2024/02/05 00:22:42 Extracting types for package internal/godebugs.
[2024-02-05 00:22:42] [build-stderr] 2024/02/05 00:22:42 Done extracting types for package internal/godebugs.
[2024-02-05 00:22:42] [build-stderr] 2024/02/05 00:22:42 Processing package internal/goexperiment.
[2024-02-05 00:22:42] [build-stderr] 2024/02/05 00:22:42 Extracting types for package internal/goexperiment.
[2024-02-05 00:22:42] [build-stderr] 2024/02/05 00:22:42 Done extracting types for package internal/goexperiment.
[2024-02-05 00:22:42] [build-stderr] 2024/02/05 00:22:42 Processing package internal/goos.
[2024-02-05 00:22:42] [build-stderr] 2024/02/05 00:22:42 Extracting types for package internal/goos.
[2024-02-05 00:22:42] [build-stderr] 2024/02/05 00:22:42 Done extracting types for package internal/goos.
[2024-02-05 00:22:42] [build-stderr] 2024/02/05 00:22:42 Processing package runtime/internal/atomic.
[2024-02-05 00:22:43] [build-stderr] 2024/02/05 00:22:43 Extracting types for package runtime/internal/atomic.
[2024-02-05 00:22:43] [build-stderr] 2024/02/05 00:22:43 Done extracting types for package runtime/internal/atomic.
[2024-02-05 00:22:43] [build-stderr] 2024/02/05 00:22:43 Processing package runtime/internal/math.
[2024-02-05 00:22:43] [build-stderr] 2024/02/05 00:22:43 Extracting types for package runtime/internal/math.
[2024-02-05 00:22:43] [build-stderr] 2024/02/05 00:22:43 Done extracting types for package runtime/internal/math.
[2024-02-05 00:22:43] [build-stderr] 2024/02/05 00:22:43 Processing package runtime/internal/sys.
[2024-02-05 00:22:43] [build-stderr] 2024/02/05 00:22:43 Extracting types for package runtime/internal/sys.
[2024-02-05 00:22:43] [build-stderr] 2024/02/05 00:22:43 Done extracting types for package runtime/internal/sys.
[2024-02-05 00:22:43] [build-stderr] 2024/02/05 00:22:43 Processing package runtime/internal/syscall.
[2024-02-05 00:22:43] [build-stderr] 2024/02/05 00:22:43 Extracting types for package runtime/internal/syscall.
[2024-02-05 00:22:43] [build-stderr] 2024/02/05 00:22:43 Done extracting types for package runtime/internal/syscall.
[2024-02-05 00:22:43] [build-stderr] 2024/02/05 00:22:43 Processing package runtime.
[2024-02-05 00:22:43] [build-stderr] 2024/02/05 00:22:43 Extracting types for package runtime.
[2024-02-05 00:22:44] [build-stderr] 2024/02/05 00:22:44 Done extracting types for package runtime.
[2024-02-05 00:22:44] [build-stderr] 2024/02/05 00:22:44 Processing package internal/reflectlite.
[2024-02-05 00:22:44] [build-stderr] 2024/02/05 00:22:44 Extracting types for package internal/reflectlite.
[2024-02-05 00:22:44] [build-stderr] 2024/02/05 00:22:44 Done extracting types for package internal/reflectlite.
[2024-02-05 00:22:44] [build-stderr] 2024/02/05 00:22:44 Processing package errors.
[2024-02-05 00:22:44] [build-stderr] 2024/02/05 00:22:44 Extracting types for package errors.
[2024-02-05 00:22:44] [build-stderr] 2024/02/05 00:22:44 Done extracting types for package errors.
[2024-02-05 00:22:44] [build-stderr] 2024/02/05 00:22:44 Processing package internal/itoa.
[2024-02-05 00:22:44] [build-stderr] 2024/02/05 00:22:44 Extracting types for package internal/itoa.
[2024-02-05 00:22:44] [build-stderr] 2024/02/05 00:22:44 Done extracting types for package internal/itoa.
[2024-02-05 00:22:44] [build-stderr] 2024/02/05 00:22:44 Processing package math/bits.
[2024-02-05 00:22:45] [build-stderr] 2024/02/05 00:22:45 Extracting types for package math/bits.
[2024-02-05 00:22:45] [build-stderr] 2024/02/05 00:22:45 Done extracting types for package math/bits.
[2024-02-05 00:22:45] [build-stderr] 2024/02/05 00:22:45 Processing package math.
[2024-02-05 00:22:45] [build-stderr] 2024/02/05 00:22:45 Extracting types for package math.
[2024-02-05 00:22:45] [build-stderr] 2024/02/05 00:22:45 Done extracting types for package math.
[2024-02-05 00:22:45] [build-stderr] 2024/02/05 00:22:45 Processing package unicode/utf8.
[2024-02-05 00:22:45] [build-stderr] 2024/02/05 00:22:45 Extracting types for package unicode/utf8.
[2024-02-05 00:22:45] [build-stderr] 2024/02/05 00:22:45 Done extracting types for package unicode/utf8.
[2024-02-05 00:22:45] [build-stderr] 2024/02/05 00:22:45 Processing package strconv.
[2024-02-05 00:22:45] [build-stderr] 2024/02/05 00:22:45 Extracting types for package strconv.
[2024-02-05 00:22:45] [build-stderr] 2024/02/05 00:22:45 Done extracting types for package strconv.
[2024-02-05 00:22:45] [build-stderr] 2024/02/05 00:22:45 Processing package internal/race.
[2024-02-05 00:22:46] [build-stderr] 2024/02/05 00:22:46 Extracting types for package internal/race.
[2024-02-05 00:22:46] [build-stderr] 2024/02/05 00:22:46 Done extracting types for package internal/race.
[2024-02-05 00:22:46] [build-stderr] 2024/02/05 00:22:46 Processing package sync/atomic.
[2024-02-05 00:22:46] [build-stderr] 2024/02/05 00:22:46 Extracting types for package sync/atomic.
[2024-02-05 00:22:46] [build-stderr] 2024/02/05 00:22:46 Done extracting types for package sync/atomic.
[2024-02-05 00:22:46] [build-stderr] 2024/02/05 00:22:46 Processing package sync.
[2024-02-05 00:22:46] [build-stderr] 2024/02/05 00:22:46 Extracting types for package sync.
[2024-02-05 00:22:46] [build-stderr] 2024/02/05 00:22:46 Done extracting types for package sync.
[2024-02-05 00:22:46] [build-stderr] 2024/02/05 00:22:46 Processing package unicode.
[2024-02-05 00:22:46] [build-stderr] 2024/02/05 00:22:46 Extracting types for package unicode.
[2024-02-05 00:22:46] [build-stderr] 2024/02/05 00:22:46 Done extracting types for package unicode.
[2024-02-05 00:22:46] [build-stderr] 2024/02/05 00:22:46 Processing package reflect.
[2024-02-05 00:22:47] [build-stderr] 2024/02/05 00:22:47 Extracting types for package reflect.
[2024-02-05 00:22:47] [build-stderr] 2024/02/05 00:22:47 Done extracting types for package reflect.
[2024-02-05 00:22:47] [build-stderr] 2024/02/05 00:22:47 Processing package sort.
[2024-02-05 00:22:47] [build-stderr] 2024/02/05 00:22:47 Extracting types for package sort.
[2024-02-05 00:22:47] [build-stderr] 2024/02/05 00:22:47 Done extracting types for package sort.
[2024-02-05 00:22:47] [build-stderr] 2024/02/05 00:22:47 Processing package internal/fmtsort.
[2024-02-05 00:22:47] [build-stderr] 2024/02/05 00:22:47 Extracting types for package internal/fmtsort.
[2024-02-05 00:22:47] [build-stderr] 2024/02/05 00:22:47 Done extracting types for package internal/fmtsort.
[2024-02-05 00:22:47] [build-stderr] 2024/02/05 00:22:47 Processing package io.
[2024-02-05 00:22:47] [build-stderr] 2024/02/05 00:22:47 Extracting types for package io.
[2024-02-05 00:22:47] [build-stderr] 2024/02/05 00:22:47 Done extracting types for package io.
[2024-02-05 00:22:47] [build-stderr] 2024/02/05 00:22:47 Processing package internal/oserror.
[2024-02-05 00:22:48] [build-stderr] 2024/02/05 00:22:48 Extracting types for package internal/oserror.
[2024-02-05 00:22:48] [build-stderr] 2024/02/05 00:22:48 Done extracting types for package internal/oserror.
[2024-02-05 00:22:48] [build-stderr] 2024/02/05 00:22:48 Processing package syscall.
[2024-02-05 00:22:48] [build-stderr] 2024/02/05 00:22:48 Extracting types for package syscall.
[2024-02-05 00:22:48] [build-stderr] 2024/02/05 00:22:48 Done extracting types for package syscall.
[2024-02-05 00:22:48] [build-stderr] 2024/02/05 00:22:48 Processing package internal/syscall/unix.
[2024-02-05 00:22:48] [build-stderr] 2024/02/05 00:22:48 Extracting types for package internal/syscall/unix.
[2024-02-05 00:22:48] [build-stderr] 2024/02/05 00:22:48 Done extracting types for package internal/syscall/unix.
[2024-02-05 00:22:48] [build-stderr] 2024/02/05 00:22:48 Processing package time.
[2024-02-05 00:22:48] [build-stderr] 2024/02/05 00:22:48 Extracting types for package time.
[2024-02-05 00:22:48] [build-stderr] 2024/02/05 00:22:48 Done extracting types for package time.
[2024-02-05 00:22:48] [build-stderr] 2024/02/05 00:22:48 Processing package internal/poll.
[2024-02-05 00:22:48] [build-stderr] 2024/02/05 00:22:48 Extracting types for package internal/poll.
[2024-02-05 00:22:48] [build-stderr] 2024/02/05 00:22:48 Done extracting types for package internal/poll.
[2024-02-05 00:22:48] [build-stderr] 2024/02/05 00:22:48 Processing package internal/safefilepath.
[2024-02-05 00:22:49] [build-stderr] 2024/02/05 00:22:49 Extracting types for package internal/safefilepath.
[2024-02-05 00:22:49] [build-stderr] 2024/02/05 00:22:49 Done extracting types for package internal/safefilepath.
[2024-02-05 00:22:49] [build-stderr] 2024/02/05 00:22:49 Processing package internal/syscall/execenv.
[2024-02-05 00:22:49] [build-stderr] 2024/02/05 00:22:49 Extracting types for package internal/syscall/execenv.
[2024-02-05 00:22:49] [build-stderr] 2024/02/05 00:22:49 Done extracting types for package internal/syscall/execenv.
[2024-02-05 00:22:49] [build-stderr] 2024/02/05 00:22:49 Processing package internal/testlog.
[2024-02-05 00:22:49] [build-stderr] 2024/02/05 00:22:49 Extracting types for package internal/testlog.
[2024-02-05 00:22:49] [build-stderr] 2024/02/05 00:22:49 Done extracting types for package internal/testlog.
[2024-02-05 00:22:49] [build-stderr] 2024/02/05 00:22:49 Processing package path.
[2024-02-05 00:22:49] [build-stderr] 2024/02/05 00:22:49 Extracting types for package path.
[2024-02-05 00:22:49] [build-stderr] 2024/02/05 00:22:49 Done extracting types for package path.
[2024-02-05 00:22:49] [build-stderr] 2024/02/05 00:22:49 Processing package io/fs.
[2024-02-05 00:22:50] [build-stderr] 2024/02/05 00:22:50 Extracting types for package io/fs.
[2024-02-05 00:22:50] [build-stderr] 2024/02/05 00:22:50 Done extracting types for package io/fs.
[2024-02-05 00:22:50] [build-stderr] 2024/02/05 00:22:50 Processing package os.
[2024-02-05 00:22:50] [build-stderr] 2024/02/05 00:22:50 Extracting types for package os.
[2024-02-05 00:22:50] [build-stderr] 2024/02/05 00:22:50 Done extracting types for package os.
[2024-02-05 00:22:50] [build-stderr] 2024/02/05 00:22:50 Processing package fmt.
[2024-02-05 00:22:50] [build-stderr] 2024/02/05 00:22:50 Extracting types for package fmt.
[2024-02-05 00:22:50] [build-stderr] 2024/02/05 00:22:50 Done extracting types for package fmt.
[2024-02-05 00:22:50] [build-stderr] 2024/02/05 00:22:50 Processing package bytes.
[2024-02-05 00:22:50] [build-stderr] 2024/02/05 00:22:50 Extracting types for package bytes.
[2024-02-05 00:22:50] [build-stderr] 2024/02/05 00:22:50 Done extracting types for package bytes.
[2024-02-05 00:22:50] [build-stderr] 2024/02/05 00:22:50 Processing package strings.
[2024-02-05 00:22:51] [build-stderr] 2024/02/05 00:22:51 Extracting types for package strings.
[2024-02-05 00:22:51] [build-stderr] 2024/02/05 00:22:51 Done extracting types for package strings.
[2024-02-05 00:22:51] [build-stderr] 2024/02/05 00:22:51 Processing package bufio.
[2024-02-05 00:22:51] [build-stderr] 2024/02/05 00:22:51 Extracting types for package bufio.
[2024-02-05 00:22:51] [build-stderr] 2024/02/05 00:22:51 Done extracting types for package bufio.
[2024-02-05 00:22:51] [build-stderr] 2024/02/05 00:22:51 Processing package compress/flate.
[2024-02-05 00:22:51] [build-stderr] 2024/02/05 00:22:51 Extracting types for package compress/flate.
[2024-02-05 00:22:51] [build-stderr] 2024/02/05 00:22:51 Done extracting types for package compress/flate.
[2024-02-05 00:22:51] [build-stderr] 2024/02/05 00:22:51 Processing package encoding/binary.
[2024-02-05 00:22:51] [build-stderr] 2024/02/05 00:22:51 Extracting types for package encoding/binary.
[2024-02-05 00:22:51] [build-stderr] 2024/02/05 00:22:51 Done extracting types for package encoding/binary.
[2024-02-05 00:22:51] [build-stderr] 2024/02/05 00:22:51 Processing package hash.
[2024-02-05 00:22:51] [build-stderr] 2024/02/05 00:22:51 Extracting types for package hash.
[2024-02-05 00:22:51] [build-stderr] 2024/02/05 00:22:51 Done extracting types for package hash.
[2024-02-05 00:22:51] [build-stderr] 2024/02/05 00:22:51 Processing package hash/crc32.
[2024-02-05 00:22:52] [build-stderr] 2024/02/05 00:22:52 Extracting types for package hash/crc32.
[2024-02-05 00:22:52] [build-stderr] 2024/02/05 00:22:52 Done extracting types for package hash/crc32.
[2024-02-05 00:22:52] [build-stderr] 2024/02/05 00:22:52 Processing package compress/gzip.
[2024-02-05 00:22:52] [build-stderr] 2024/02/05 00:22:52 Extracting types for package compress/gzip.
[2024-02-05 00:22:52] [build-stderr] 2024/02/05 00:22:52 Done extracting types for package compress/gzip.
[2024-02-05 00:22:52] [build-stderr] 2024/02/05 00:22:52 Processing package container/list.
[2024-02-05 00:22:52] [build-stderr] 2024/02/05 00:22:52 Extracting types for package container/list.
[2024-02-05 00:22:52] [build-stderr] 2024/02/05 00:22:52 Done extracting types for package container/list.
[2024-02-05 00:22:52] [build-stderr] 2024/02/05 00:22:52 Processing package context.
[2024-02-05 00:22:52] [build-stderr] 2024/02/05 00:22:52 Extracting types for package context.
[2024-02-05 00:22:52] [build-stderr] 2024/02/05 00:22:52 Done extracting types for package context.
[2024-02-05 00:22:52] [build-stderr] 2024/02/05 00:22:52 Processing package crypto.
[2024-02-05 00:22:52] [build-stderr] 2024/02/05 00:22:52 Extracting types for package crypto.
[2024-02-05 00:22:52] [build-stderr] 2024/02/05 00:22:52 Done extracting types for package crypto.
[2024-02-05 00:22:52] [build-stderr] 2024/02/05 00:22:52 Processing package crypto/internal/alias.
[2024-02-05 00:22:53] [build-stderr] 2024/02/05 00:22:53 Extracting types for package crypto/internal/alias.
[2024-02-05 00:22:53] [build-stderr] 2024/02/05 00:22:53 Done extracting types for package crypto/internal/alias.
[2024-02-05 00:22:53] [build-stderr] 2024/02/05 00:22:53 Processing package crypto/subtle.
[2024-02-05 00:22:53] [build-stderr] 2024/02/05 00:22:53 Extracting types for package crypto/subtle.
[2024-02-05 00:22:53] [build-stderr] 2024/02/05 00:22:53 Done extracting types for package crypto/subtle.
[2024-02-05 00:22:53] [build-stderr] 2024/02/05 00:22:53 Processing package crypto/cipher.
[2024-02-05 00:22:53] [build-stderr] 2024/02/05 00:22:53 Extracting types for package crypto/cipher.
[2024-02-05 00:22:53] [build-stderr] 2024/02/05 00:22:53 Done extracting types for package crypto/cipher.
[2024-02-05 00:22:53] [build-stderr] 2024/02/05 00:22:53 Processing package crypto/internal/boring/sig.
[2024-02-05 00:22:53] [build-stderr] 2024/02/05 00:22:53 Extracting types for package crypto/internal/boring/sig.
[2024-02-05 00:22:53] [build-stderr] 2024/02/05 00:22:53 Done extracting types for package crypto/internal/boring/sig.
[2024-02-05 00:22:53] [build-stderr] 2024/02/05 00:22:53 Processing package crypto/internal/boring.
[2024-02-05 00:22:54] [build-stderr] 2024/02/05 00:22:54 Extracting types for package crypto/internal/boring.
[2024-02-05 00:22:54] [build-stderr] 2024/02/05 00:22:54 Done extracting types for package crypto/internal/boring.
[2024-02-05 00:22:54] [build-stderr] 2024/02/05 00:22:54 Processing package crypto/internal/randutil.
[2024-02-05 00:22:54] [build-stderr] 2024/02/05 00:22:54 Extracting types for package crypto/internal/randutil.
[2024-02-05 00:22:54] [build-stderr] 2024/02/05 00:22:54 Done extracting types for package crypto/internal/randutil.
[2024-02-05 00:22:54] [build-stderr] 2024/02/05 00:22:54 Processing package internal/bisect.
[2024-02-05 00:22:54] [build-stderr] 2024/02/05 00:22:54 Extracting types for package internal/bisect.
[2024-02-05 00:22:54] [build-stderr] 2024/02/05 00:22:54 Done extracting types for package internal/bisect.
[2024-02-05 00:22:54] [build-stderr] 2024/02/05 00:22:54 Processing package internal/godebug.
[2024-02-05 00:22:54] [build-stderr] 2024/02/05 00:22:54 Extracting types for package internal/godebug.
[2024-02-05 00:22:54] [build-stderr] 2024/02/05 00:22:54 Done extracting types for package internal/godebug.
[2024-02-05 00:22:54] [build-stderr] 2024/02/05 00:22:54 Processing package math/rand.
[2024-02-05 00:22:54] [build-stderr] 2024/02/05 00:22:54 Extracting types for package math/rand.
[2024-02-05 00:22:54] [build-stderr] 2024/02/05 00:22:54 Done extracting types for package math/rand.
[2024-02-05 00:22:54] [build-stderr] 2024/02/05 00:22:54 Processing package math/big.
[2024-02-05 00:22:55] [build-stderr] 2024/02/05 00:22:55 Extracting types for package math/big.
[2024-02-05 00:22:55] [build-stderr] 2024/02/05 00:22:55 Done extracting types for package math/big.
[2024-02-05 00:22:55] [build-stderr] 2024/02/05 00:22:55 Processing package crypto/rand.
[2024-02-05 00:22:55] [build-stderr] 2024/02/05 00:22:55 Extracting types for package crypto/rand.
[2024-02-05 00:22:55] [build-stderr] 2024/02/05 00:22:55 Done extracting types for package crypto/rand.
[2024-02-05 00:22:55] [build-stderr] 2024/02/05 00:22:55 Processing package crypto/aes.
[2024-02-05 00:22:55] [build-stderr] 2024/02/05 00:22:55 Extracting types for package crypto/aes.
[2024-02-05 00:22:55] [build-stderr] 2024/02/05 00:22:55 Done extracting types for package crypto/aes.
[2024-02-05 00:22:55] [build-stderr] 2024/02/05 00:22:55 Processing package crypto/des.
[2024-02-05 00:22:55] [build-stderr] 2024/02/05 00:22:55 Extracting types for package crypto/des.
[2024-02-05 00:22:55] [build-stderr] 2024/02/05 00:22:55 Done extracting types for package crypto/des.
[2024-02-05 00:22:55] [build-stderr] 2024/02/05 00:22:55 Processing package crypto/internal/edwards25519/field.
[2024-02-05 00:22:55] [build-stderr] 2024/02/05 00:22:55 Extracting types for package crypto/internal/edwards25519/field.
[2024-02-05 00:22:55] [build-stderr] 2024/02/05 00:22:55 Done extracting types for package crypto/internal/edwards25519/field.
[2024-02-05 00:22:55] [build-stderr] 2024/02/05 00:22:55 Processing package crypto/internal/nistec/fiat.
[2024-02-05 00:22:56] [build-stderr] 2024/02/05 00:22:56 Extracting types for package crypto/internal/nistec/fiat.
[2024-02-05 00:22:56] [build-stderr] 2024/02/05 00:22:56 Done extracting types for package crypto/internal/nistec/fiat.
[2024-02-05 00:22:56] [build-stderr] 2024/02/05 00:22:56 Processing package embed.
[2024-02-05 00:22:56] [build-stderr] 2024/02/05 00:22:56 Extracting types for package embed.
[2024-02-05 00:22:56] [build-stderr] 2024/02/05 00:22:56 Done extracting types for package embed.
[2024-02-05 00:22:56] [build-stderr] 2024/02/05 00:22:56 Processing package crypto/internal/nistec.
[2024-02-05 00:22:56] [build-stderr] 2024/02/05 00:22:56 Extracting types for package crypto/internal/nistec.
[2024-02-05 00:22:56] [build-stderr] 2024/02/05 00:22:56 Done extracting types for package crypto/internal/nistec.
[2024-02-05 00:22:56] [build-stderr] 2024/02/05 00:22:56 Processing package crypto/ecdh.
[2024-02-05 00:22:56] [build-stderr] 2024/02/05 00:22:56 Extracting types for package crypto/ecdh.
[2024-02-05 00:22:56] [build-stderr] 2024/02/05 00:22:56 Done extracting types for package crypto/ecdh.
[2024-02-05 00:22:56] [build-stderr] 2024/02/05 00:22:56 Processing package crypto/elliptic.
[2024-02-05 00:22:57] [build-stderr] 2024/02/05 00:22:57 Extracting types for package crypto/elliptic.
[2024-02-05 00:22:57] [build-stderr] 2024/02/05 00:22:57 Done extracting types for package crypto/elliptic.
[2024-02-05 00:22:57] [build-stderr] 2024/02/05 00:22:57 Processing package crypto/internal/bigmod.
[2024-02-05 00:22:57] [build-stderr] 2024/02/05 00:22:57 Extracting types for package crypto/internal/bigmod.
[2024-02-05 00:22:57] [build-stderr] 2024/02/05 00:22:57 Done extracting types for package crypto/internal/bigmod.
[2024-02-05 00:22:57] [build-stderr] 2024/02/05 00:22:57 Processing package crypto/internal/boring/bbig.
[2024-02-05 00:22:57] [build-stderr] 2024/02/05 00:22:57 Extracting types for package crypto/internal/boring/bbig.
[2024-02-05 00:22:57] [build-stderr] 2024/02/05 00:22:57 Done extracting types for package crypto/internal/boring/bbig.
[2024-02-05 00:22:57] [build-stderr] 2024/02/05 00:22:57 Processing package crypto/sha512.
[2024-02-05 00:22:57] [build-stderr] 2024/02/05 00:22:57 Extracting types for package crypto/sha512.
[2024-02-05 00:22:57] [build-stderr] 2024/02/05 00:22:57 Done extracting types for package crypto/sha512.
[2024-02-05 00:22:57] [build-stderr] 2024/02/05 00:22:57 Processing package unicode/utf16.
[2024-02-05 00:22:57] [build-stderr] 2024/02/05 00:22:57 Extracting types for package unicode/utf16.
[2024-02-05 00:22:57] [build-stderr] 2024/02/05 00:22:57 Done extracting types for package unicode/utf16.
[2024-02-05 00:22:57] [build-stderr] 2024/02/05 00:22:57 Processing package encoding/asn1.
[2024-02-05 00:22:58] [build-stderr] 2024/02/05 00:22:58 Extracting types for package encoding/asn1.
[2024-02-05 00:22:58] [build-stderr] 2024/02/05 00:22:58 Done extracting types for package encoding/asn1.
[2024-02-05 00:22:58] [build-stderr] 2024/02/05 00:22:58 Processing package vendor/golang.org/x/crypto/cryptobyte/asn1.
[2024-02-05 00:22:58] [build-stderr] 2024/02/05 00:22:58 Extracting types for package vendor/golang.org/x/crypto/cryptobyte/asn1.
[2024-02-05 00:22:58] [build-stderr] 2024/02/05 00:22:58 Done extracting types for package vendor/golang.org/x/crypto/cryptobyte/asn1.
[2024-02-05 00:22:58] [build-stderr] 2024/02/05 00:22:58 Processing package vendor/golang.org/x/crypto/cryptobyte.
[2024-02-05 00:22:58] [build-stderr] 2024/02/05 00:22:58 Extracting types for package vendor/golang.org/x/crypto/cryptobyte.
[2024-02-05 00:22:58] [build-stderr] 2024/02/05 00:22:58 Done extracting types for package vendor/golang.org/x/crypto/cryptobyte.
[2024-02-05 00:22:58] [build-stderr] 2024/02/05 00:22:58 Processing package crypto/ecdsa.
[2024-02-05 00:22:58] [build-stderr] 2024/02/05 00:22:58 Extracting types for package crypto/ecdsa.
[2024-02-05 00:22:58] [build-stderr] 2024/02/05 00:22:58 Done extracting types for package crypto/ecdsa.
[2024-02-05 00:22:58] [build-stderr] 2024/02/05 00:22:58 Processing package crypto/internal/edwards25519.
[2024-02-05 00:22:59] [build-stderr] 2024/02/05 00:22:59 Extracting types for package crypto/internal/edwards25519.
[2024-02-05 00:22:59] [build-stderr] 2024/02/05 00:22:59 Done extracting types for package crypto/internal/edwards25519.
[2024-02-05 00:22:59] [build-stderr] 2024/02/05 00:22:59 Processing package crypto/ed25519.
[2024-02-05 00:22:59] [build-stderr] 2024/02/05 00:22:59 Extracting types for package crypto/ed25519.
[2024-02-05 00:22:59] [build-stderr] 2024/02/05 00:22:59 Done extracting types for package crypto/ed25519.
[2024-02-05 00:22:59] [build-stderr] 2024/02/05 00:22:59 Processing package crypto/hmac.
[2024-02-05 00:22:59] [build-stderr] 2024/02/05 00:22:59 Extracting types for package crypto/hmac.
[2024-02-05 00:22:59] [build-stderr] 2024/02/05 00:22:59 Done extracting types for package crypto/hmac.
[2024-02-05 00:22:59] [build-stderr] 2024/02/05 00:22:59 Processing package crypto/md5.
[2024-02-05 00:22:59] [build-stderr] 2024/02/05 00:22:59 Extracting types for package crypto/md5.
[2024-02-05 00:22:59] [build-stderr] 2024/02/05 00:22:59 Done extracting types for package crypto/md5.
[2024-02-05 00:22:59] [build-stderr] 2024/02/05 00:22:59 Processing package crypto/rc4.
[2024-02-05 00:22:59] [build-stderr] 2024/02/05 00:22:59 Extracting types for package crypto/rc4.
[2024-02-05 00:22:59] [build-stderr] 2024/02/05 00:22:59 Done extracting types for package crypto/rc4.
[2024-02-05 00:22:59] [build-stderr] 2024/02/05 00:22:59 Processing package crypto/rsa.
[2024-02-05 00:23:00] [build-stderr] 2024/02/05 00:23:00 Extracting types for package crypto/rsa.
[2024-02-05 00:23:00] [build-stderr] 2024/02/05 00:23:00 Done extracting types for package crypto/rsa.
[2024-02-05 00:23:00] [build-stderr] 2024/02/05 00:23:00 Processing package crypto/sha1.
[2024-02-05 00:23:00] [build-stderr] 2024/02/05 00:23:00 Extracting types for package crypto/sha1.
[2024-02-05 00:23:00] [build-stderr] 2024/02/05 00:23:00 Done extracting types for package crypto/sha1.
[2024-02-05 00:23:00] [build-stderr] 2024/02/05 00:23:00 Processing package crypto/sha256.
[2024-02-05 00:23:00] [build-stderr] 2024/02/05 00:23:00 Extracting types for package crypto/sha256.
[2024-02-05 00:23:00] [build-stderr] 2024/02/05 00:23:00 Done extracting types for package crypto/sha256.
[2024-02-05 00:23:00] [build-stderr] 2024/02/05 00:23:00 Processing package crypto/dsa.
[2024-02-05 00:23:00] [build-stderr] 2024/02/05 00:23:00 Extracting types for package crypto/dsa.
[2024-02-05 00:23:00] [build-stderr] 2024/02/05 00:23:00 Done extracting types for package crypto/dsa.
[2024-02-05 00:23:00] [build-stderr] 2024/02/05 00:23:00 Processing package encoding/hex.
[2024-02-05 00:23:01] [build-stderr] 2024/02/05 00:23:01 Extracting types for package encoding/hex.
[2024-02-05 00:23:01] [build-stderr] 2024/02/05 00:23:01 Done extracting types for package encoding/hex.
[2024-02-05 00:23:01] [build-stderr] 2024/02/05 00:23:01 Processing package crypto/x509/pkix.
[2024-02-05 00:23:01] [build-stderr] 2024/02/05 00:23:01 Extracting types for package crypto/x509/pkix.
[2024-02-05 00:23:01] [build-stderr] 2024/02/05 00:23:01 Done extracting types for package crypto/x509/pkix.
[2024-02-05 00:23:01] [build-stderr] 2024/02/05 00:23:01 Processing package encoding/base64.
[2024-02-05 00:23:01] [build-stderr] 2024/02/05 00:23:01 Extracting types for package encoding/base64.
[2024-02-05 00:23:01] [build-stderr] 2024/02/05 00:23:01 Done extracting types for package encoding/base64.
[2024-02-05 00:23:01] [build-stderr] 2024/02/05 00:23:01 Processing package encoding/pem.
[2024-02-05 00:23:01] [build-stderr] 2024/02/05 00:23:01 Extracting types for package encoding/pem.
[2024-02-05 00:23:01] [build-stderr] 2024/02/05 00:23:01 Done extracting types for package encoding/pem.
[2024-02-05 00:23:01] [build-stderr] 2024/02/05 00:23:01 Processing package vendor/golang.org/x/net/dns/dnsmessage.
[2024-02-05 00:23:01] [build-stderr] 2024/02/05 00:23:01 Extracting types for package vendor/golang.org/x/net/dns/dnsmessage.
[2024-02-05 00:23:01] [build-stderr] 2024/02/05 00:23:01 Done extracting types for package vendor/golang.org/x/net/dns/dnsmessage.
[2024-02-05 00:23:01] [build-stderr] 2024/02/05 00:23:01 Processing package internal/nettrace.
[2024-02-05 00:23:02] [build-stderr] 2024/02/05 00:23:02 Extracting types for package internal/nettrace.
[2024-02-05 00:23:02] [build-stderr] 2024/02/05 00:23:02 Done extracting types for package internal/nettrace.
[2024-02-05 00:23:02] [build-stderr] 2024/02/05 00:23:02 Processing package internal/singleflight.
[2024-02-05 00:23:02] [build-stderr] 2024/02/05 00:23:02 Extracting types for package internal/singleflight.
[2024-02-05 00:23:02] [build-stderr] 2024/02/05 00:23:02 Done extracting types for package internal/singleflight.
[2024-02-05 00:23:02] [build-stderr] 2024/02/05 00:23:02 Processing package internal/intern.
[2024-02-05 00:23:02] [build-stderr] 2024/02/05 00:23:02 Extracting types for package internal/intern.
[2024-02-05 00:23:02] [build-stderr] 2024/02/05 00:23:02 Done extracting types for package internal/intern.
[2024-02-05 00:23:02] [build-stderr] 2024/02/05 00:23:02 Processing package net/netip.
[2024-02-05 00:23:02] [build-stderr] 2024/02/05 00:23:02 Extracting types for package net/netip.
[2024-02-05 00:23:02] [build-stderr] 2024/02/05 00:23:02 Done extracting types for package net/netip.
[2024-02-05 00:23:02] [build-stderr] 2024/02/05 00:23:02 Processing package runtime/cgo.
[2024-02-05 00:23:03] [build-stderr] 2024/02/05 00:23:03 Extracting types for package runtime/cgo.
[2024-02-05 00:23:03] [build-stderr] 2024/02/05 00:23:03 Done extracting types for package runtime/cgo.
[2024-02-05 00:23:03] [build-stderr] 2024/02/05 00:23:03 Processing package net.
[2024-02-05 00:23:03] [build-stderr] 2024/02/05 00:23:03 Extracting types for package net.
[2024-02-05 00:23:03] [build-stderr] 2024/02/05 00:23:03 Done extracting types for package net.
[2024-02-05 00:23:03] [build-stderr] 2024/02/05 00:23:03 Processing package net/url.
[2024-02-05 00:23:03] [build-stderr] 2024/02/05 00:23:03 Extracting types for package net/url.
[2024-02-05 00:23:03] [build-stderr] 2024/02/05 00:23:03 Done extracting types for package net/url.
[2024-02-05 00:23:03] [build-stderr] 2024/02/05 00:23:03 Processing package path/filepath.
[2024-02-05 00:23:03] [build-stderr] 2024/02/05 00:23:03 Extracting types for package path/filepath.
[2024-02-05 00:23:03] [build-stderr] 2024/02/05 00:23:03 Done extracting types for package path/filepath.
[2024-02-05 00:23:03] [build-stderr] 2024/02/05 00:23:03 Processing package crypto/x509.
[2024-02-05 00:23:04] [build-stderr] 2024/02/05 00:23:04 Extracting types for package crypto/x509.
[2024-02-05 00:23:04] [build-stderr] 2024/02/05 00:23:04 Done extracting types for package crypto/x509.
[2024-02-05 00:23:04] [build-stderr] 2024/02/05 00:23:04 Processing package vendor/golang.org/x/crypto/internal/alias.
[2024-02-05 00:23:04] [build-stderr] 2024/02/05 00:23:04 Extracting types for package vendor/golang.org/x/crypto/internal/alias.
[2024-02-05 00:23:04] [build-stderr] 2024/02/05 00:23:04 Done extracting types for package vendor/golang.org/x/crypto/internal/alias.
[2024-02-05 00:23:04] [build-stderr] 2024/02/05 00:23:04 Processing package vendor/golang.org/x/crypto/chacha20.
[2024-02-05 00:23:04] [build-stderr] 2024/02/05 00:23:04 Extracting types for package vendor/golang.org/x/crypto/chacha20.
[2024-02-05 00:23:04] [build-stderr] 2024/02/05 00:23:04 Done extracting types for package vendor/golang.org/x/crypto/chacha20.
[2024-02-05 00:23:04] [build-stderr] 2024/02/05 00:23:04 Processing package vendor/golang.org/x/crypto/internal/poly1305.
[2024-02-05 00:23:04] [build-stderr] 2024/02/05 00:23:04 Extracting types for package vendor/golang.org/x/crypto/internal/poly1305.
[2024-02-05 00:23:04] [build-stderr] 2024/02/05 00:23:04 Done extracting types for package vendor/golang.org/x/crypto/internal/poly1305.
[2024-02-05 00:23:04] [build-stderr] 2024/02/05 00:23:04 Processing package io/ioutil.
[2024-02-05 00:23:05] [build-stderr] 2024/02/05 00:23:05 Extracting types for package io/ioutil.
[2024-02-05 00:23:05] [build-stderr] 2024/02/05 00:23:05 Done extracting types for package io/ioutil.
[2024-02-05 00:23:05] [build-stderr] 2024/02/05 00:23:05 Processing package vendor/golang.org/x/sys/cpu.
[2024-02-05 00:23:05] [build-stderr] 2024/02/05 00:23:05 Extracting types for package vendor/golang.org/x/sys/cpu.
[2024-02-05 00:23:05] [build-stderr] 2024/02/05 00:23:05 Done extracting types for package vendor/golang.org/x/sys/cpu.
[2024-02-05 00:23:05] [build-stderr] 2024/02/05 00:23:05 Processing package vendor/golang.org/x/crypto/chacha20poly1305.
[2024-02-05 00:23:05] [build-stderr] 2024/02/05 00:23:05 Extracting types for package vendor/golang.org/x/crypto/chacha20poly1305.
[2024-02-05 00:23:05] [build-stderr] 2024/02/05 00:23:05 Done extracting types for package vendor/golang.org/x/crypto/chacha20poly1305.
[2024-02-05 00:23:05] [build-stderr] 2024/02/05 00:23:05 Processing package vendor/golang.org/x/crypto/hkdf.
[2024-02-05 00:23:05] [build-stderr] 2024/02/05 00:23:05 Extracting types for package vendor/golang.org/x/crypto/hkdf.
[2024-02-05 00:23:05] [build-stderr] 2024/02/05 00:23:05 Done extracting types for package vendor/golang.org/x/crypto/hkdf.
[2024-02-05 00:23:05] [build-stderr] 2024/02/05 00:23:05 Processing package crypto/tls.
[2024-02-05 00:23:06] [build-stderr] 2024/02/05 00:23:06 Extracting types for package crypto/tls.
[2024-02-05 00:23:06] [build-stderr] 2024/02/05 00:23:06 Done extracting types for package crypto/tls.
[2024-02-05 00:23:06] [build-stderr] 2024/02/05 00:23:06 Processing package vendor/golang.org/x/text/transform.
[2024-02-05 00:23:06] [build-stderr] 2024/02/05 00:23:06 Extracting types for package vendor/golang.org/x/text/transform.
[2024-02-05 00:23:06] [build-stderr] 2024/02/05 00:23:06 Done extracting types for package vendor/golang.org/x/text/transform.
[2024-02-05 00:23:06] [build-stderr] 2024/02/05 00:23:06 Processing package log/internal.
[2024-02-05 00:23:06] [build-stderr] 2024/02/05 00:23:06 Extracting types for package log/internal.
[2024-02-05 00:23:06] [build-stderr] 2024/02/05 00:23:06 Done extracting types for package log/internal.
[2024-02-05 00:23:06] [build-stderr] 2024/02/05 00:23:06 Processing package log.
[2024-02-05 00:23:06] [build-stderr] 2024/02/05 00:23:06 Extracting types for package log.
[2024-02-05 00:23:06] [build-stderr] 2024/02/05 00:23:06 Done extracting types for package log.
[2024-02-05 00:23:06] [build-stderr] 2024/02/05 00:23:06 Processing package vendor/golang.org/x/text/unicode/bidi.
[2024-02-05 00:23:07] [build-stderr] 2024/02/05 00:23:07 Extracting types for package vendor/golang.org/x/text/unicode/bidi.
[2024-02-05 00:23:07] [build-stderr] 2024/02/05 00:23:07 Done extracting types for package vendor/golang.org/x/text/unicode/bidi.
[2024-02-05 00:23:07] [build-stderr] 2024/02/05 00:23:07 Processing package vendor/golang.org/x/text/secure/bidirule.
[2024-02-05 00:23:07] [build-stderr] 2024/02/05 00:23:07 Extracting types for package vendor/golang.org/x/text/secure/bidirule.
[2024-02-05 00:23:07] [build-stderr] 2024/02/05 00:23:07 Done extracting types for package vendor/golang.org/x/text/secure/bidirule.
[2024-02-05 00:23:07] [build-stderr] 2024/02/05 00:23:07 Processing package vendor/golang.org/x/text/unicode/norm.
[2024-02-05 00:23:07] [build-stderr] 2024/02/05 00:23:07 Extracting types for package vendor/golang.org/x/text/unicode/norm.
[2024-02-05 00:23:07] [build-stderr] 2024/02/05 00:23:07 Done extracting types for package vendor/golang.org/x/text/unicode/norm.
[2024-02-05 00:23:07] [build-stderr] 2024/02/05 00:23:07 Processing package vendor/golang.org/x/net/idna.
[2024-02-05 00:23:07] [build-stderr] 2024/02/05 00:23:07 Extracting types for package vendor/golang.org/x/net/idna.
[2024-02-05 00:23:07] [build-stderr] 2024/02/05 00:23:07 Done extracting types for package vendor/golang.org/x/net/idna.
[2024-02-05 00:23:07] [build-stderr] 2024/02/05 00:23:07 Processing package net/textproto.
[2024-02-05 00:23:08] [build-stderr] 2024/02/05 00:23:08 Extracting types for package net/textproto.
[2024-02-05 00:23:08] [build-stderr] 2024/02/05 00:23:08 Done extracting types for package net/textproto.
[2024-02-05 00:23:08] [build-stderr] 2024/02/05 00:23:08 Processing package vendor/golang.org/x/net/http/httpguts.
[2024-02-05 00:23:08] [build-stderr] 2024/02/05 00:23:08 Extracting types for package vendor/golang.org/x/net/http/httpguts.
[2024-02-05 00:23:08] [build-stderr] 2024/02/05 00:23:08 Done extracting types for package vendor/golang.org/x/net/http/httpguts.
[2024-02-05 00:23:08] [build-stderr] 2024/02/05 00:23:08 Processing package vendor/golang.org/x/net/http/httpproxy.
[2024-02-05 00:23:08] [build-stderr] 2024/02/05 00:23:08 Extracting types for package vendor/golang.org/x/net/http/httpproxy.
[2024-02-05 00:23:08] [build-stderr] 2024/02/05 00:23:08 Done extracting types for package vendor/golang.org/x/net/http/httpproxy.
[2024-02-05 00:23:08] [build-stderr] 2024/02/05 00:23:08 Processing package vendor/golang.org/x/net/http2/hpack.
[2024-02-05 00:23:09] [build-stderr] 2024/02/05 00:23:09 Extracting types for package vendor/golang.org/x/net/http2/hpack.
[2024-02-05 00:23:09] [build-stderr] 2024/02/05 00:23:09 Done extracting types for package vendor/golang.org/x/net/http2/hpack.
[2024-02-05 00:23:09] [build-stderr] 2024/02/05 00:23:09 Processing package mime.
[2024-02-05 00:23:09] [build-stderr] 2024/02/05 00:23:09 Extracting types for package mime.
[2024-02-05 00:23:09] [build-stderr] 2024/02/05 00:23:09 Done extracting types for package mime.
[2024-02-05 00:23:09] [build-stderr] 2024/02/05 00:23:09 Processing package mime/quotedprintable.
[2024-02-05 00:23:09] [build-stderr] 2024/02/05 00:23:09 Extracting types for package mime/quotedprintable.
[2024-02-05 00:23:09] [build-stderr] 2024/02/05 00:23:09 Done extracting types for package mime/quotedprintable.
[2024-02-05 00:23:09] [build-stderr] 2024/02/05 00:23:09 Processing package mime/multipart.
[2024-02-05 00:23:10] [build-stderr] 2024/02/05 00:23:10 Extracting types for package mime/multipart.
[2024-02-05 00:23:10] [build-stderr] 2024/02/05 00:23:10 Done extracting types for package mime/multipart.
[2024-02-05 00:23:10] [build-stderr] 2024/02/05 00:23:10 Processing package net/http/httptrace.
[2024-02-05 00:23:10] [build-stderr] 2024/02/05 00:23:10 Extracting types for package net/http/httptrace.
[2024-02-05 00:23:10] [build-stderr] 2024/02/05 00:23:10 Done extracting types for package net/http/httptrace.
[2024-02-05 00:23:10] [build-stderr] 2024/02/05 00:23:10 Processing package net/http/internal.
[2024-02-05 00:23:10] [build-stderr] 2024/02/05 00:23:10 Extracting types for package net/http/internal.
[2024-02-05 00:23:10] [build-stderr] 2024/02/05 00:23:10 Done extracting types for package net/http/internal.
[2024-02-05 00:23:10] [build-stderr] 2024/02/05 00:23:10 Processing package net/http/internal/ascii.
[2024-02-05 00:23:10] [build-stderr] 2024/02/05 00:23:10 Extracting types for package net/http/internal/ascii.
[2024-02-05 00:23:10] [build-stderr] 2024/02/05 00:23:10 Done extracting types for package net/http/internal/ascii.
[2024-02-05 00:23:10] [build-stderr] 2024/02/05 00:23:10 Processing package net/http.
[2024-02-05 00:23:11] [build-stderr] 2024/02/05 00:23:11 Extracting types for package net/http.
[2024-02-05 00:23:11] [build-stderr] 2024/02/05 00:23:11 Done extracting types for package net/http.
[2024-02-05 00:23:11] [build-stderr] 2024/02/05 00:23:11 Processing package os/exec.
[2024-02-05 00:23:12] [build-stderr] 2024/02/05 00:23:12 Extracting types for package os/exec.
[2024-02-05 00:23:12] [build-stderr] 2024/02/05 00:23:12 Done extracting types for package os/exec.
[2024-02-05 00:23:12] [build-stderr] 2024/02/05 00:23:12 Processing package example01.
[2024-02-05 00:23:12] [build-stderr] 2024/02/05 00:23:12 Extracting types for package example01.
[2024-02-05 00:23:12] [build-stderr] 2024/02/05 00:23:12 Done extracting types for package example01.
[2024-02-05 00:23:12] [build-stderr] 2024/02/05 00:23:12 Done processing dependencies.
[2024-02-05 00:23:12] [build-stderr] 2024/02/05 00:23:12 Starting to extract packages.
[2024-02-05 00:23:12] [build-stderr] 2024/02/05 00:23:12 Skipping dependency package internal/goarch.
[2024-02-05 00:23:12] [build-stderr] 2024/02/05 00:23:12 Skipping dependency package unsafe.
[2024-02-05 00:23:12] [build-stderr] 2024/02/05 00:23:12 Skipping dependency package internal/abi.
[2024-02-05 00:23:12] [build-stderr] 2024/02/05 00:23:12 Skipping dependency package internal/unsafeheader.
[2024-02-05 00:23:12] [build-stderr] 2024/02/05 00:23:12 Skipping dependency package internal/cpu.
[2024-02-05 00:23:12] [build-stderr] 2024/02/05 00:23:12 Skipping dependency package internal/bytealg.
[2024-02-05 00:23:12] [build-stderr] 2024/02/05 00:23:12 Skipping dependency package internal/coverage/rtcov.
[2024-02-05 00:23:12] [build-stderr] 2024/02/05 00:23:12 Skipping dependency package internal/godebugs.
[2024-02-05 00:23:12] [build-stderr] 2024/02/05 00:23:12 Skipping dependency package internal/goexperiment.
[2024-02-05 00:23:12] [build-stderr] 2024/02/05 00:23:12 Skipping dependency package internal/goos.
[2024-02-05 00:23:12] [build-stderr] 2024/02/05 00:23:12 Skipping dependency package runtime/internal/atomic.
[2024-02-05 00:23:12] [build-stderr] 2024/02/05 00:23:12 Skipping dependency package runtime/internal/math.
[2024-02-05 00:23:12] [build-stderr] 2024/02/05 00:23:12 Skipping dependency package runtime/internal/sys.
[2024-02-05 00:23:12] [build-stderr] 2024/02/05 00:23:12 Skipping dependency package runtime/internal/syscall.
[2024-02-05 00:23:12] [build-stderr] 2024/02/05 00:23:12 Skipping dependency package runtime.
[2024-02-05 00:23:12] [build-stderr] 2024/02/05 00:23:12 Skipping dependency package internal/reflectlite.
[2024-02-05 00:23:12] [build-stderr] 2024/02/05 00:23:12 Skipping dependency package errors.
[2024-02-05 00:23:12] [build-stderr] 2024/02/05 00:23:12 Skipping dependency package internal/itoa.
[2024-02-05 00:23:12] [build-stderr] 2024/02/05 00:23:12 Skipping dependency package math/bits.
[2024-02-05 00:23:12] [build-stderr] 2024/02/05 00:23:12 Skipping dependency package math.
[2024-02-05 00:23:12] [build-stderr] 2024/02/05 00:23:12 Skipping dependency package unicode/utf8.
[2024-02-05 00:23:12] [build-stderr] 2024/02/05 00:23:12 Skipping dependency package strconv.
[2024-02-05 00:23:12] [build-stderr] 2024/02/05 00:23:12 Skipping dependency package internal/race.
[2024-02-05 00:23:12] [build-stderr] 2024/02/05 00:23:12 Skipping dependency package sync/atomic.
[2024-02-05 00:23:12] [build-stderr] 2024/02/05 00:23:12 Skipping dependency package sync.
[2024-02-05 00:23:12] [build-stderr] 2024/02/05 00:23:12 Skipping dependency package unicode.
[2024-02-05 00:23:12] [build-stderr] 2024/02/05 00:23:12 Skipping dependency package reflect.
[2024-02-05 00:23:12] [build-stderr] 2024/02/05 00:23:12 Skipping dependency package sort.
[2024-02-05 00:23:12] [build-stderr] 2024/02/05 00:23:12 Skipping dependency package internal/fmtsort.
[2024-02-05 00:23:12] [build-stderr] 2024/02/05 00:23:12 Skipping dependency package io.
[2024-02-05 00:23:12] [build-stderr] 2024/02/05 00:23:12 Skipping dependency package internal/oserror.
[2024-02-05 00:23:12] [build-stderr] 2024/02/05 00:23:12 Skipping dependency package syscall.
[2024-02-05 00:23:12] [build-stderr] 2024/02/05 00:23:12 Skipping dependency package internal/syscall/unix.
[2024-02-05 00:23:12] [build-stderr] 2024/02/05 00:23:12 Skipping dependency package time.
[2024-02-05 00:23:12] [build-stderr] 2024/02/05 00:23:12 Skipping dependency package internal/poll.
[2024-02-05 00:23:12] [build-stderr] 2024/02/05 00:23:12 Skipping dependency package internal/safefilepath.
[2024-02-05 00:23:12] [build-stderr] 2024/02/05 00:23:12 Skipping dependency package internal/syscall/execenv.
[2024-02-05 00:23:12] [build-stderr] 2024/02/05 00:23:12 Skipping dependency package internal/testlog.
[2024-02-05 00:23:12] [build-stderr] 2024/02/05 00:23:12 Skipping dependency package path.
[2024-02-05 00:23:12] [build-stderr] 2024/02/05 00:23:12 Skipping dependency package io/fs.
[2024-02-05 00:23:12] [build-stderr] 2024/02/05 00:23:12 Skipping dependency package os.
[2024-02-05 00:23:12] [build-stderr] 2024/02/05 00:23:12 Skipping dependency package fmt.
[2024-02-05 00:23:12] [build-stderr] 2024/02/05 00:23:12 Skipping dependency package bytes.
[2024-02-05 00:23:12] [build-stderr] 2024/02/05 00:23:12 Skipping dependency package strings.
[2024-02-05 00:23:12] [build-stderr] 2024/02/05 00:23:12 Skipping dependency package bufio.
[2024-02-05 00:23:12] [build-stderr] 2024/02/05 00:23:12 Skipping dependency package compress/flate.
[2024-02-05 00:23:12] [build-stderr] 2024/02/05 00:23:12 Skipping dependency package encoding/binary.
[2024-02-05 00:23:12] [build-stderr] 2024/02/05 00:23:12 Skipping dependency package hash.
[2024-02-05 00:23:12] [build-stderr] 2024/02/05 00:23:12 Skipping dependency package hash/crc32.
[2024-02-05 00:23:12] [build-stderr] 2024/02/05 00:23:12 Skipping dependency package compress/gzip.
[2024-02-05 00:23:12] [build-stderr] 2024/02/05 00:23:12 Skipping dependency package container/list.
[2024-02-05 00:23:12] [build-stderr] 2024/02/05 00:23:12 Skipping dependency package context.
[2024-02-05 00:23:12] [build-stderr] 2024/02/05 00:23:12 Skipping dependency package crypto.
[2024-02-05 00:23:12] [build-stderr] 2024/02/05 00:23:12 Skipping dependency package crypto/internal/alias.
[2024-02-05 00:23:12] [build-stderr] 2024/02/05 00:23:12 Skipping dependency package crypto/subtle.
[2024-02-05 00:23:12] [build-stderr] 2024/02/05 00:23:12 Skipping dependency package crypto/cipher.
[2024-02-05 00:23:12] [build-stderr] 2024/02/05 00:23:12 Skipping dependency package crypto/internal/boring/sig.
[2024-02-05 00:23:12] [build-stderr] 2024/02/05 00:23:12 Skipping dependency package crypto/internal/boring.
[2024-02-05 00:23:12] [build-stderr] 2024/02/05 00:23:12 Skipping dependency package crypto/internal/randutil.
[2024-02-05 00:23:12] [build-stderr] 2024/02/05 00:23:12 Skipping dependency package internal/bisect.
[2024-02-05 00:23:12] [build-stderr] 2024/02/05 00:23:12 Skipping dependency package internal/godebug.
[2024-02-05 00:23:12] [build-stderr] 2024/02/05 00:23:12 Skipping dependency package math/rand.
[2024-02-05 00:23:12] [build-stderr] 2024/02/05 00:23:12 Skipping dependency package math/big.
[2024-02-05 00:23:12] [build-stderr] 2024/02/05 00:23:12 Skipping dependency package crypto/rand.
[2024-02-05 00:23:12] [build-stderr] 2024/02/05 00:23:12 Skipping dependency package crypto/aes.
[2024-02-05 00:23:12] [build-stderr] 2024/02/05 00:23:12 Skipping dependency package crypto/des.
[2024-02-05 00:23:12] [build-stderr] 2024/02/05 00:23:12 Skipping dependency package crypto/internal/edwards25519/field.
[2024-02-05 00:23:12] [build-stderr] 2024/02/05 00:23:12 Skipping dependency package crypto/internal/nistec/fiat.
[2024-02-05 00:23:12] [build-stderr] 2024/02/05 00:23:12 Skipping dependency package embed.
[2024-02-05 00:23:12] [build-stderr] 2024/02/05 00:23:12 Skipping dependency package crypto/internal/nistec.
[2024-02-05 00:23:12] [build-stderr] 2024/02/05 00:23:12 Skipping dependency package crypto/ecdh.
[2024-02-05 00:23:12] [build-stderr] 2024/02/05 00:23:12 Skipping dependency package crypto/elliptic.
[2024-02-05 00:23:12] [build-stderr] 2024/02/05 00:23:12 Skipping dependency package crypto/internal/bigmod.
[2024-02-05 00:23:12] [build-stderr] 2024/02/05 00:23:12 Skipping dependency package crypto/internal/boring/bbig.
[2024-02-05 00:23:12] [build-stderr] 2024/02/05 00:23:12 Skipping dependency package crypto/sha512.
[2024-02-05 00:23:12] [build-stderr] 2024/02/05 00:23:12 Skipping dependency package unicode/utf16.
[2024-02-05 00:23:12] [build-stderr] 2024/02/05 00:23:12 Skipping dependency package encoding/asn1.
[2024-02-05 00:23:12] [build-stderr] 2024/02/05 00:23:12 Skipping dependency package vendor/golang.org/x/crypto/cryptobyte/asn1.
[2024-02-05 00:23:12] [build-stderr] 2024/02/05 00:23:12 Skipping dependency package vendor/golang.org/x/crypto/cryptobyte.
[2024-02-05 00:23:12] [build-stderr] 2024/02/05 00:23:12 Skipping dependency package crypto/ecdsa.
[2024-02-05 00:23:12] [build-stderr] 2024/02/05 00:23:12 Skipping dependency package crypto/internal/edwards25519.
[2024-02-05 00:23:12] [build-stderr] 2024/02/05 00:23:12 Skipping dependency package crypto/ed25519.
[2024-02-05 00:23:12] [build-stderr] 2024/02/05 00:23:12 Skipping dependency package crypto/hmac.
[2024-02-05 00:23:12] [build-stderr] 2024/02/05 00:23:12 Skipping dependency package crypto/md5.
[2024-02-05 00:23:12] [build-stderr] 2024/02/05 00:23:12 Skipping dependency package crypto/rc4.
[2024-02-05 00:23:12] [build-stderr] 2024/02/05 00:23:12 Skipping dependency package crypto/rsa.
[2024-02-05 00:23:12] [build-stderr] 2024/02/05 00:23:12 Skipping dependency package crypto/sha1.
[2024-02-05 00:23:12] [build-stderr] 2024/02/05 00:23:12 Skipping dependency package crypto/sha256.
[2024-02-05 00:23:12] [build-stderr] 2024/02/05 00:23:12 Skipping dependency package crypto/dsa.
[2024-02-05 00:23:12] [build-stderr] 2024/02/05 00:23:12 Skipping dependency package encoding/hex.
[2024-02-05 00:23:12] [build-stderr] 2024/02/05 00:23:12 Skipping dependency package crypto/x509/pkix.
[2024-02-05 00:23:12] [build-stderr] 2024/02/05 00:23:12 Skipping dependency package encoding/base64.
[2024-02-05 00:23:12] [build-stderr] 2024/02/05 00:23:12 Skipping dependency package encoding/pem.
[2024-02-05 00:23:12] [build-stderr] 2024/02/05 00:23:12 Skipping dependency package vendor/golang.org/x/net/dns/dnsmessage.
[2024-02-05 00:23:12] [build-stderr] 2024/02/05 00:23:12 Skipping dependency package internal/nettrace.
[2024-02-05 00:23:12] [build-stderr] 2024/02/05 00:23:12 Skipping dependency package internal/singleflight.
[2024-02-05 00:23:12] [build-stderr] 2024/02/05 00:23:12 Skipping dependency package internal/intern.
[2024-02-05 00:23:12] [build-stderr] 2024/02/05 00:23:12 Skipping dependency package net/netip.
[2024-02-05 00:23:12] [build-stderr] 2024/02/05 00:23:12 Skipping dependency package runtime/cgo.
[2024-02-05 00:23:12] [build-stderr] 2024/02/05 00:23:12 Skipping dependency package net.
[2024-02-05 00:23:12] [build-stderr] 2024/02/05 00:23:12 Skipping dependency package net/url.
[2024-02-05 00:23:12] [build-stderr] 2024/02/05 00:23:12 Skipping dependency package path/filepath.
[2024-02-05 00:23:12] [build-stderr] 2024/02/05 00:23:12 Skipping dependency package crypto/x509.
[2024-02-05 00:23:12] [build-stderr] 2024/02/05 00:23:12 Skipping dependency package vendor/golang.org/x/crypto/internal/alias.
[2024-02-05 00:23:12] [build-stderr] 2024/02/05 00:23:12 Skipping dependency package vendor/golang.org/x/crypto/chacha20.
[2024-02-05 00:23:12] [build-stderr] 2024/02/05 00:23:12 Skipping dependency package vendor/golang.org/x/crypto/internal/poly1305.
[2024-02-05 00:23:12] [build-stderr] 2024/02/05 00:23:12 Skipping dependency package io/ioutil.
[2024-02-05 00:23:12] [build-stderr] 2024/02/05 00:23:12 Skipping dependency package vendor/golang.org/x/sys/cpu.
[2024-02-05 00:23:12] [build-stderr] 2024/02/05 00:23:12 Skipping dependency package vendor/golang.org/x/crypto/chacha20poly1305.
[2024-02-05 00:23:12] [build-stderr] 2024/02/05 00:23:12 Skipping dependency package vendor/golang.org/x/crypto/hkdf.
[2024-02-05 00:23:12] [build-stderr] 2024/02/05 00:23:12 Skipping dependency package crypto/tls.
[2024-02-05 00:23:12] [build-stderr] 2024/02/05 00:23:12 Skipping dependency package vendor/golang.org/x/text/transform.
[2024-02-05 00:23:12] [build-stderr] 2024/02/05 00:23:12 Skipping dependency package log/internal.
[2024-02-05 00:23:12] [build-stderr] 2024/02/05 00:23:12 Skipping dependency package log.
[2024-02-05 00:23:12] [build-stderr] 2024/02/05 00:23:12 Skipping dependency package vendor/golang.org/x/text/unicode/bidi.
[2024-02-05 00:23:12] [build-stderr] 2024/02/05 00:23:12 Skipping dependency package vendor/golang.org/x/text/secure/bidirule.
[2024-02-05 00:23:12] [build-stderr] 2024/02/05 00:23:12 Skipping dependency package vendor/golang.org/x/text/unicode/norm.
[2024-02-05 00:23:12] [build-stderr] 2024/02/05 00:23:12 Skipping dependency package vendor/golang.org/x/net/idna.
[2024-02-05 00:23:12] [build-stderr] 2024/02/05 00:23:12 Skipping dependency package net/textproto.
[2024-02-05 00:23:12] [build-stderr] 2024/02/05 00:23:12 Skipping dependency package vendor/golang.org/x/net/http/httpguts.
[2024-02-05 00:23:12] [build-stderr] 2024/02/05 00:23:12 Skipping dependency package vendor/golang.org/x/net/http/httpproxy.
[2024-02-05 00:23:12] [build-stderr] 2024/02/05 00:23:12 Skipping dependency package vendor/golang.org/x/net/http2/hpack.
[2024-02-05 00:23:12] [build-stderr] 2024/02/05 00:23:12 Skipping dependency package mime.
[2024-02-05 00:23:12] [build-stderr] 2024/02/05 00:23:12 Skipping dependency package mime/quotedprintable.
[2024-02-05 00:23:12] [build-stderr] 2024/02/05 00:23:12 Skipping dependency package mime/multipart.
[2024-02-05 00:23:12] [build-stderr] 2024/02/05 00:23:12 Skipping dependency package net/http/httptrace.
[2024-02-05 00:23:12] [build-stderr] 2024/02/05 00:23:12 Skipping dependency package net/http/internal.
[2024-02-05 00:23:12] [build-stderr] 2024/02/05 00:23:12 Skipping dependency package net/http/internal/ascii.
[2024-02-05 00:23:12] [build-stderr] 2024/02/05 00:23:12 Skipping dependency package net/http.
[2024-02-05 00:23:12] [build-stderr] 2024/02/05 00:23:12 Skipping dependency package os/exec.
[2024-02-05 00:23:12] [build-stderr] 2024/02/05 00:23:12 Extracting /home/mine/Workspace/go/src/codeql-examples/example01/go.mod
[2024-02-05 00:23:12] [build-stderr] 2024/02/05 00:23:12 Extracting /home/mine/Workspace/go/src/codeql-examples/example01/main.go
[2024-02-05 00:23:12] [build-stderr] 2024/02/05 00:23:12 Done extracting /home/mine/Workspace/go/src/codeql-examples/example01/go.mod (15ms)
[2024-02-05 00:23:13] [build-stderr] 2024/02/05 00:23:13 Done extracting /home/mine/Workspace/go/src/codeql-examples/example01/main.go (98ms)
[2024-02-05 00:23:13] [build-stderr] 2024/02/05 00:23:13 Done extracting packages.
[2024-02-05 00:23:13] Plumbing command codeql database trace-command completed.
[2024-02-05 00:23:13] [PROGRESS] database create> Finalizing database at /home/mine/Workspace/go/src/codeql-examples/example01/codeqldb.
[2024-02-05 00:23:13] Running plumbing command: codeql database finalize --mode=trim --no-db-cluster -- /home/mine/Workspace/go/src/codeql-examples/example01/codeqldb
[2024-02-05 00:23:13] Using pre-finalize script /home/mine/Workspace/tools/codeql/codeql-cli/go/tools/pre-finalize.sh.
[2024-02-05 00:23:13] [PROGRESS] database finalize> Running pre-finalize script /home/mine/Workspace/tools/codeql/codeql-cli/go/tools/pre-finalize.sh in /home/mine/Workspace/go/src/codeql-examples/example01.
[2024-02-05 00:23:13] Running plumbing command: codeql database trace-command --working-dir=/home/mine/Workspace/go/src/codeql-examples/example01 --no-tracing -- /home/mine/Workspace/go/src/codeql-examples/example01/codeqldb /home/mine/Workspace/tools/codeql/codeql-cli/go/tools/pre-finalize.sh
[2024-02-05 00:23:13] [PROGRESS] database trace-command> Running command in /home/mine/Workspace/go/src/codeql-examples/example01: [/home/mine/Workspace/tools/codeql/codeql-cli/go/tools/pre-finalize.sh]
[2024-02-05 00:23:15] [build-stderr] Scanning for files in /home/mine/Workspace/go/src/codeql-examples/example01...
[2024-02-05 00:23:15] Plumbing command codeql database trace-command completed.
[2024-02-05 00:23:15] [PROGRESS] database finalize> Running TRAP import for CodeQL database at /home/mine/Workspace/go/src/codeql-examples/example01/codeqldb...
[2024-02-05 00:23:15] Running plumbing command: codeql dataset import --dbscheme=/home/mine/Workspace/tools/codeql/codeql-cli/go/go.dbscheme -- /home/mine/Workspace/go/src/codeql-examples/example01/codeqldb/db-go /home/mine/Workspace/go/src/codeql-examples/example01/codeqldb/trap/go
[2024-02-05 00:23:16] Clearing disk cache since the version file /home/mine/Workspace/go/src/codeql-examples/example01/codeqldb/db-go/default/cache/version does not exist
[2024-02-05 00:23:16] Tuple pool not found. Clearing relations with cached strings
[2024-02-05 00:23:16] Trimming disk cache at /home/mine/Workspace/go/src/codeql-examples/example01/codeqldb/db-go/default/cache in mode clear.
[2024-02-05 00:23:16] Sequence stamp origin is -6221855427463198491
[2024-02-05 00:23:16] Pausing evaluation to hard-clear memory at sequence stamp o+0
[2024-02-05 00:23:16] Unpausing evaluation
[2024-02-05 00:23:16] Pausing evaluation to quickly trim disk at sequence stamp o+1
[2024-02-05 00:23:16] Unpausing evaluation
[2024-02-05 00:23:16] Pausing evaluation to zealously trim disk at sequence stamp o+2
[2024-02-05 00:23:16] Unpausing evaluation
[2024-02-05 00:23:16] Trimming completed (28ms): Purged everything.
[2024-02-05 00:23:16] Scanning for files in /home/mine/Workspace/go/src/codeql-examples/example01/codeqldb/trap/go
[2024-02-05 00:23:16] Found 136 TRAP files (1.88 MiB)
[2024-02-05 00:23:16] [PROGRESS] dataset import> Importing TRAP files
[2024-02-05 00:23:16] Importing bufio.trap.gz (1 of 136)
[2024-02-05 00:23:17] Importing bytes.trap.gz (2 of 136)
[2024-02-05 00:23:17] Importing 28f530e9e525976ed00ea880e495de_0.trap.gz (3 of 136)
[2024-02-05 00:23:17] Importing flate.trap.gz (4 of 136)
[2024-02-05 00:23:17] Importing gzip.trap.gz (5 of 136)
[2024-02-05 00:23:17] Importing list.trap.gz (6 of 136)
[2024-02-05 00:23:17] Importing context.trap.gz (7 of 136)
[2024-02-05 00:23:17] Importing aes.trap.gz (8 of 136)
[2024-02-05 00:23:17] Importing cipher.trap.gz (9 of 136)
[2024-02-05 00:23:17] Importing des.trap.gz (10 of 136)
[2024-02-05 00:23:17] Importing dsa.trap.gz (11 of 136)
[2024-02-05 00:23:17] Importing ecdh.trap.gz (12 of 136)
[2024-02-05 00:23:17] Importing ecdsa.trap.gz (13 of 136)
[2024-02-05 00:23:17] Importing ed25519.trap.gz (14 of 136)
[2024-02-05 00:23:17] Importing elliptic.trap.gz (15 of 136)
[2024-02-05 00:23:17] Importing hmac.trap.gz (16 of 136)
[2024-02-05 00:23:17] Importing alias.trap.gz (17 of 136)
[2024-02-05 00:23:17] Importing bigmod.trap.gz (18 of 136)
[2024-02-05 00:23:17] Importing bbig.trap.gz (19 of 136)
[2024-02-05 00:23:17] Importing sig.trap.gz (20 of 136)
[2024-02-05 00:23:17] Importing boring.trap.gz (21 of 136)
[2024-02-05 00:23:17] Importing field.trap.gz (22 of 136)
[2024-02-05 00:23:17] Importing edwards25519.trap.gz (23 of 136)
[2024-02-05 00:23:17] Importing fiat.trap.gz (24 of 136)
[2024-02-05 00:23:17] Importing nistec.trap.gz (25 of 136)
[2024-02-05 00:23:17] Importing randutil.trap.gz (26 of 136)
[2024-02-05 00:23:17] Importing md5.trap.gz (27 of 136)
[2024-02-05 00:23:17] Importing rand.trap.gz (28 of 136)
[2024-02-05 00:23:17] Importing rc4.trap.gz (29 of 136)
[2024-02-05 00:23:17] Importing rsa.trap.gz (30 of 136)
[2024-02-05 00:23:17] Importing sha1.trap.gz (31 of 136)
[2024-02-05 00:23:17] Importing sha256.trap.gz (32 of 136)
[2024-02-05 00:23:18] Importing sha512.trap.gz (33 of 136)
[2024-02-05 00:23:18] Importing subtle.trap.gz (34 of 136)
[2024-02-05 00:23:18] Importing tls.trap.gz (35 of 136)
[2024-02-05 00:23:18] Importing pkix.trap.gz (36 of 136)
[2024-02-05 00:23:18] Importing x509.trap.gz (37 of 136)
[2024-02-05 00:23:18] Importing crypto.trap.gz (38 of 136)
[2024-02-05 00:23:18] Importing embed.trap.gz (39 of 136)
[2024-02-05 00:23:18] Importing asn1.trap.gz (40 of 136)
[2024-02-05 00:23:18] Importing base64.trap.gz (41 of 136)
[2024-02-05 00:23:18] Importing binary.trap.gz (42 of 136)
[2024-02-05 00:23:18] Importing hex.trap.gz (43 of 136)
[2024-02-05 00:23:18] Importing pem.trap.gz (44 of 136)
[2024-02-05 00:23:18] Importing errors.trap.gz (45 of 136)
[2024-02-05 00:23:18] Importing example01.trap.gz (46 of 136)
[2024-02-05 00:23:18] Importing fmt.trap.gz (47 of 136)
[2024-02-05 00:23:19] Importing crc32.trap.gz (48 of 136)
[2024-02-05 00:23:19] Importing hash.trap.gz (49 of 136)
[2024-02-05 00:23:19] Importing go.mod.trap.gz (50 of 136)
[2024-02-05 00:23:19] Importing main.go.trap.gz (51 of 136)
[2024-02-05 00:23:19] Importing abi.trap.gz (52 of 136)
[2024-02-05 00:23:19] Importing bisect.trap.gz (53 of 136)
[2024-02-05 00:23:19] Importing bytealg.trap.gz (54 of 136)
[2024-02-05 00:23:19] Importing rtcov.trap.gz (55 of 136)
[2024-02-05 00:23:19] Importing cpu.trap.gz (56 of 136)
[2024-02-05 00:23:19] Importing fmtsort.trap.gz (57 of 136)
[2024-02-05 00:23:19] Importing goarch.trap.gz (58 of 136)
[2024-02-05 00:23:19] Importing godebug.trap.gz (59 of 136)
[2024-02-05 00:23:19] Importing godebugs.trap.gz (60 of 136)
[2024-02-05 00:23:19] Importing goexperiment.trap.gz (61 of 136)
[2024-02-05 00:23:19] Importing goos.trap.gz (62 of 136)
[2024-02-05 00:23:19] Importing intern.trap.gz (63 of 136)
[2024-02-05 00:23:19] Importing itoa.trap.gz (64 of 136)
[2024-02-05 00:23:19] Importing nettrace.trap.gz (65 of 136)
[2024-02-05 00:23:19] Importing oserror.trap.gz (66 of 136)
[2024-02-05 00:23:19] Importing poll.trap.gz (67 of 136)
[2024-02-05 00:23:19] Importing race.trap.gz (68 of 136)
[2024-02-05 00:23:19] Importing reflectlite.trap.gz (69 of 136)
[2024-02-05 00:23:19] Importing safefilepath.trap.gz (70 of 136)
[2024-02-05 00:23:19] Importing singleflight.trap.gz (71 of 136)
[2024-02-05 00:23:19] Importing execenv.trap.gz (72 of 136)
[2024-02-05 00:23:19] Importing unix.trap.gz (73 of 136)
[2024-02-05 00:23:19] Importing testlog.trap.gz (74 of 136)
[2024-02-05 00:23:19] Importing unsafeheader.trap.gz (75 of 136)
[2024-02-05 00:23:19] Importing fs.trap.gz (76 of 136)
[2024-02-05 00:23:19] Importing ioutil.trap.gz (77 of 136)
[2024-02-05 00:23:19] Importing io.trap.gz (78 of 136)
[2024-02-05 00:23:19] Importing internal.trap.gz (79 of 136)
[2024-02-05 00:23:19] Importing log.trap.gz (80 of 136)
[2024-02-05 00:23:19] Importing big.trap.gz (81 of 136)
[2024-02-05 00:23:19] Importing bits.trap.gz (82 of 136)
[2024-02-05 00:23:19] Importing rand.trap.gz (83 of 136)
[2024-02-05 00:23:19] Importing math.trap.gz (84 of 136)
[2024-02-05 00:23:19] Importing multipart.trap.gz (85 of 136)
[2024-02-05 00:23:19] Importing quotedprintable.trap.gz (86 of 136)
[2024-02-05 00:23:19] Importing mime.trap.gz (87 of 136)
[2024-02-05 00:23:19] Importing httptrace.trap.gz (88 of 136)
[2024-02-05 00:23:19] Importing ascii.trap.gz (89 of 136)
[2024-02-05 00:23:19] Importing internal.trap.gz (90 of 136)
[2024-02-05 00:23:19] Importing http.trap.gz (91 of 136)
[2024-02-05 00:23:20] Importing netip.trap.gz (92 of 136)
[2024-02-05 00:23:20] Importing textproto.trap.gz (93 of 136)
[2024-02-05 00:23:20] Importing url.trap.gz (94 of 136)
[2024-02-05 00:23:20] Importing net.trap.gz (95 of 136)
[2024-02-05 00:23:20] Importing exec.trap.gz (96 of 136)
[2024-02-05 00:23:20] Importing os.trap.gz (97 of 136)
[2024-02-05 00:23:20] Importing filepath.trap.gz (98 of 136)
[2024-02-05 00:23:20] Importing path.trap.gz (99 of 136)
[2024-02-05 00:23:20] Importing reflect.trap.gz (100 of 136)
[2024-02-05 00:23:20] Importing cgo.trap.gz (101 of 136)
[2024-02-05 00:23:20] Importing atomic.trap.gz (102 of 136)
[2024-02-05 00:23:20] Importing math.trap.gz (103 of 136)
[2024-02-05 00:23:20] Importing sys.trap.gz (104 of 136)
[2024-02-05 00:23:20] Importing syscall.trap.gz (105 of 136)
[2024-02-05 00:23:20] Importing runtime.trap.gz (106 of 136)
[2024-02-05 00:23:20] Importing sort.trap.gz (107 of 136)
[2024-02-05 00:23:20] Importing sourceLocationPrefix.trap.gz (108 of 136)
[2024-02-05 00:23:20] Importing strconv.trap.gz (109 of 136)
[2024-02-05 00:23:20] Importing strings.trap.gz (110 of 136)
[2024-02-05 00:23:20] Importing atomic.trap.gz (111 of 136)
[2024-02-05 00:23:20] Importing sync.trap.gz (112 of 136)
[2024-02-05 00:23:20] Importing syscall.trap.gz (113 of 136)
[2024-02-05 00:23:20] Importing time.trap.gz (114 of 136)
[2024-02-05 00:23:20] Importing utf16.trap.gz (115 of 136)
[2024-02-05 00:23:20] Importing utf8.trap.gz (116 of 136)
[2024-02-05 00:23:20] Importing unicode.trap.gz (117 of 136)
[2024-02-05 00:23:20] Importing universe.trap.gz (118 of 136)
[2024-02-05 00:23:20] Importing unsafe.trap.gz (119 of 136)
[2024-02-05 00:23:20] Importing chacha20.trap.gz (120 of 136)
[2024-02-05 00:23:20] Importing chacha20poly1305.trap.gz (121 of 136)
[2024-02-05 00:23:20] Importing asn1.trap.gz (122 of 136)
[2024-02-05 00:23:20] Importing cryptobyte.trap.gz (123 of 136)
[2024-02-05 00:23:20] Importing hkdf.trap.gz (124 of 136)
[2024-02-05 00:23:20] Importing alias.trap.gz (125 of 136)
[2024-02-05 00:23:20] Importing poly1305.trap.gz (126 of 136)
[2024-02-05 00:23:20] Importing dnsmessage.trap.gz (127 of 136)
[2024-02-05 00:23:20] Importing httpguts.trap.gz (128 of 136)
[2024-02-05 00:23:20] Importing httpproxy.trap.gz (129 of 136)
[2024-02-05 00:23:20] Importing hpack.trap.gz (130 of 136)
[2024-02-05 00:23:20] Importing idna.trap.gz (131 of 136)
[2024-02-05 00:23:20] Importing cpu.trap.gz (132 of 136)
[2024-02-05 00:23:20] Importing bidirule.trap.gz (133 of 136)
[2024-02-05 00:23:20] Importing transform.trap.gz (134 of 136)
[2024-02-05 00:23:20] Importing bidi.trap.gz (135 of 136)
[2024-02-05 00:23:20] Importing norm.trap.gz (136 of 136)
[2024-02-05 00:23:20] [PROGRESS] dataset import> Merging relations
[2024-02-05 00:23:21] Merging 1 fragment for 'scopes'.
[2024-02-05 00:23:21] Merged 1120 bytes (1.09 KiB) for 'scopes'.
[2024-02-05 00:23:21] Merging 1 fragment for 'scopenesting'.
[2024-02-05 00:23:21] Merged 1112 bytes (1.09 KiB) for 'scopenesting'.
[2024-02-05 00:23:21] Merging 1 fragment for 'objects'.
[2024-02-05 00:23:21] Merged 348480 bytes (340.31 KiB) for 'objects'.
[2024-02-05 00:23:21] Merging 1 fragment for 'objectscopes'.
[2024-02-05 00:23:21] Merged 110320 bytes (107.73 KiB) for 'objectscopes'.
[2024-02-05 00:23:21] Merging 1 fragment for 'typename'.
[2024-02-05 00:23:21] Merged 12744 bytes (12.45 KiB) for 'typename'.
[2024-02-05 00:23:21] Merging 1 fragment for 'types'.
[2024-02-05 00:23:21] Merged 66152 bytes (64.60 KiB) for 'types'.
[2024-02-05 00:23:21] Merging 1 fragment for 'component_types'.
[2024-02-05 00:23:21] Merged 279920 bytes (273.36 KiB) for 'component_types'.
[2024-02-05 00:23:21] Merging 1 fragment for 'methodreceivers'.
[2024-02-05 00:23:21] Merged 39952 bytes (39.02 KiB) for 'methodreceivers'.
[2024-02-05 00:23:21] Merging 1 fragment for 'underlying_type'.
[2024-02-05 00:23:21] Merged 12744 bytes (12.45 KiB) for 'underlying_type'.
[2024-02-05 00:23:21] Merging 1 fragment for 'type_objects'.
[2024-02-05 00:23:21] Merged 12744 bytes (12.45 KiB) for 'type_objects'.
[2024-02-05 00:23:21] Merging 1 fragment for 'methodhosts'.
[2024-02-05 00:23:21] Merged 2936 bytes (2.87 KiB) for 'methodhosts'.
[2024-02-05 00:23:21] Merging 1 fragment for 'element_type'.
[2024-02-05 00:23:21] Merged 4448 bytes (4.34 KiB) for 'element_type'.
[2024-02-05 00:23:21] Merging 1 fragment for 'fieldstructs'.
[2024-02-05 00:23:21] Merged 42096 bytes (41.11 KiB) for 'fieldstructs'.
[2024-02-05 00:23:21] Merging 1 fragment for 'base_type'.
[2024-02-05 00:23:21] Merged 7408 bytes (7.23 KiB) for 'base_type'.
[2024-02-05 00:23:21] Merging 1 fragment for 'objecttypes'.
[2024-02-05 00:23:21] Merged 231984 bytes (226.55 KiB) for 'objecttypes'.
[2024-02-05 00:23:21] Merging 1 fragment for 'packages'.
[2024-02-05 00:23:21] Merged 2096 bytes (2.05 KiB) for 'packages'.
[2024-02-05 00:23:21] Merging 1 fragment for 'array_length'.
[2024-02-05 00:23:21] Merged 2080 bytes (2.03 KiB) for 'array_length'.
[2024-02-05 00:23:21] Merging 1 fragment for 'compilations'.
[2024-02-05 00:23:21] Merged 8 bytes for 'compilations'.
[2024-02-05 00:23:21] Merging 1 fragment for 'compilation_args'.
[2024-02-05 00:23:21] Merged 36 bytes for 'compilation_args'.
[2024-02-05 00:23:21] Merging 1 fragment for 'compilation_compiling_files'.
[2024-02-05 00:23:21] Merged 24 bytes for 'compilation_compiling_files'.
[2024-02-05 00:23:21] Merging 1 fragment for 'compilation_finished'.
[2024-02-05 00:23:21] Merged 20 bytes for 'compilation_finished'.
[2024-02-05 00:23:21] Merging 1 fragment for 'key_type'.
[2024-02-05 00:23:21] Merged 560 bytes for 'key_type'.
[2024-02-05 00:23:21] Merging 1 fragment for 'typeparam'.
[2024-02-05 00:23:21] Merged 700 bytes for 'typeparam'.
[2024-02-05 00:23:21] Merging 1 fragment for 'variadic'.
[2024-02-05 00:23:21] Merged 196 bytes for 'variadic'.
[2024-02-05 00:23:21] Merging 1 fragment for 'folders'.
[2024-02-05 00:23:21] Merged 64 bytes for 'folders'.
[2024-02-05 00:23:21] Merging 1 fragment for 'containerparent'.
[2024-02-05 00:23:21] Merged 72 bytes for 'containerparent'.
[2024-02-05 00:23:21] Merging 1 fragment for 'files'.
[2024-02-05 00:23:21] Merged 16 bytes for 'files'.
[2024-02-05 00:23:21] Merging 1 fragment for 'locations_default'.
[2024-02-05 00:23:21] Merged 3192 bytes (3.12 KiB) for 'locations_default'.
[2024-02-05 00:23:21] Merging 1 fragment for 'has_location'.
[2024-02-05 00:23:21] Merged 1224 bytes (1.20 KiB) for 'has_location'.
[2024-02-05 00:23:21] Merging 1 fragment for 'modtokens'.
[2024-02-05 00:23:21] Merged 48 bytes for 'modtokens'.
[2024-02-05 00:23:21] Merging 1 fragment for 'modexprs'.
[2024-02-05 00:23:21] Merged 32 bytes for 'modexprs'.
[2024-02-05 00:23:21] Merging 1 fragment for 'literals'.
[2024-02-05 00:23:21] Merged 852 bytes for 'literals'.
[2024-02-05 00:23:21] Merging 1 fragment for 'exprs'.
[2024-02-05 00:23:21] Merged 1680 bytes (1.64 KiB) for 'exprs'.
[2024-02-05 00:23:21] Merging 1 fragment for 'specs'.
[2024-02-05 00:23:21] Merged 48 bytes for 'specs'.
[2024-02-05 00:23:21] Merging 1 fragment for 'decls'.
[2024-02-05 00:23:21] Merged 64 bytes for 'decls'.
[2024-02-05 00:23:21] Merging 1 fragment for 'type_of'.
[2024-02-05 00:23:21] Merged 784 bytes for 'type_of'.
[2024-02-05 00:23:21] Merging 1 fragment for 'defs'.
[2024-02-05 00:23:21] Merged 88 bytes for 'defs'.
[2024-02-05 00:23:21] Merging 1 fragment for 'scopenodes'.
[2024-02-05 00:23:21] Merged 64 bytes for 'scopenodes'.
[2024-02-05 00:23:21] Merging 1 fragment for 'uses'.
[2024-02-05 00:23:21] Merged 368 bytes for 'uses'.
[2024-02-05 00:23:21] Merging 1 fragment for 'constvalues'.
[2024-02-05 00:23:21] Merged 168 bytes for 'constvalues'.
[2024-02-05 00:23:21] Merging 1 fragment for 'stmts'.
[2024-02-05 00:23:21] Merged 304 bytes for 'stmts'.
[2024-02-05 00:23:21] Merging 1 fragment for 'fields'.
[2024-02-05 00:23:21] Merged 48 bytes for 'fields'.
[2024-02-05 00:23:21] Merging 1 fragment for 'comment_groups'.
[2024-02-05 00:23:21] Merged 36 bytes for 'comment_groups'.
[2024-02-05 00:23:21] Merging 1 fragment for 'comments'.
[2024-02-05 00:23:21] Merged 60 bytes for 'comments'.
[2024-02-05 00:23:21] Merging 1 fragment for 'numlines'.
[2024-02-05 00:23:21] Merged 16 bytes for 'numlines'.
[2024-02-05 00:23:21] Merging 1 fragment for 'sourceLocationPrefix'.
[2024-02-05 00:23:21] Merged 4 bytes for 'sourceLocationPrefix'.
[2024-02-05 00:23:21] Saving string and id pools to disk.
[2024-02-05 00:23:21] Finished importing TRAP files.
[2024-02-05 00:23:21] Read 11.32 MiB of uncompressed TRAP data.
[2024-02-05 00:23:21] Relation data size: 1.13 MiB (merge rate: 4.20 MiB/s)
[2024-02-05 00:23:21] String pool size: 2.41 MiB
[2024-02-05 00:23:21] ID pool size: 5.50 MiB
[2024-02-05 00:23:21] [PROGRESS] dataset import> Finished writing database (relations: 1.13 MiB; string pool: 2.41 MiB).
[2024-02-05 00:23:21] Pausing evaluation to close the cache at sequence stamp o+3
[2024-02-05 00:23:21] The disk cache is freshly trimmed; leave it be.
[2024-02-05 00:23:21] Unpausing evaluation
[2024-02-05 00:23:21] Plumbing command codeql dataset import completed.
[2024-02-05 00:23:21] [PROGRESS] database finalize> TRAP import complete (6s).
[2024-02-05 00:23:21] Running plumbing command: codeql database cleanup --mode=trim -- /home/mine/Workspace/go/src/codeql-examples/example01/codeqldb
[2024-02-05 00:23:21] [PROGRESS] database cleanup> Cleaning up existing TRAP files after import...
[2024-02-05 00:23:21] [PROGRESS] database cleanup> TRAP files cleaned up (20ms).
[2024-02-05 00:23:21] [PROGRESS] database cleanup> Cleaning up scratch directory...
[2024-02-05 00:23:21] [PROGRESS] database cleanup> Scratch directory cleaned up (0ms).
[2024-02-05 00:23:21] Running plumbing command: codeql dataset cleanup --mode=trim -- /home/mine/Workspace/go/src/codeql-examples/example01/codeqldb/db-go
[2024-02-05 00:23:21] [PROGRESS] dataset cleanup> Cleaning up dataset in /home/mine/Workspace/go/src/codeql-examples/example01/codeqldb/db-go.
[2024-02-05 00:23:21] Trimming disk cache at /home/mine/Workspace/go/src/codeql-examples/example01/codeqldb/db-go/default/cache in mode trim.
[2024-02-05 00:23:21] Sequence stamp origin is -6221855403185390938
[2024-02-05 00:23:21] Pausing evaluation to zealously trim disk at sequence stamp o+0
[2024-02-05 00:23:21] Unpausing evaluation
[2024-02-05 00:23:21] Trimming completed (2ms): Trimmed disposable data from cache.
[2024-02-05 00:23:21] Pausing evaluation to close the cache at sequence stamp o+1
[2024-02-05 00:23:21] The disk cache is freshly trimmed; leave it be.
[2024-02-05 00:23:21] Unpausing evaluation
[2024-02-05 00:23:21] [PROGRESS] dataset cleanup> Trimmed disposable data from cache.
[2024-02-05 00:23:21] [PROGRESS] dataset cleanup> Finalizing dataset in /home/mine/Workspace/go/src/codeql-examples/example01/codeqldb/db-go
[2024-02-05 00:23:21] [DETAILS] dataset cleanup> Finished deleting ID pool from /home/mine/Workspace/go/src/codeql-examples/example01/codeqldb/db-go (4ms).
[2024-02-05 00:23:21] Plumbing command codeql dataset cleanup completed.
[2024-02-05 00:23:21] Plumbing command codeql database cleanup completed with status 0.
[2024-02-05 00:23:21] [PROGRESS] database finalize> Finished zipping source archive (1.01 KiB).
[2024-02-05 00:23:21] Plumbing command codeql database finalize completed.
[2024-02-05 00:23:21] [PROGRESS] database create> Successfully created database at /home/mine/Workspace/go/src/codeql-examples/example01/codeqldb.
[2024-02-05 00:23:21] Terminating normally.
